{"/Users/bri/Desktop/rithm/9-20/express-jobly/app.js": {"path":"/Users/bri/Desktop/rithm/9-20/express-jobly/app.js","statementMap":{"0":{"start":{"line":5,"column":16},"end":{"line":5,"column":34}},"1":{"start":{"line":6,"column":13},"end":{"line":6,"column":28}},"2":{"start":{"line":8,"column":26},"end":{"line":8,"column":51}},"3":{"start":{"line":10,"column":28},"end":{"line":10,"column":56}},"4":{"start":{"line":11,"column":19},"end":{"line":11,"column":43}},"5":{"start":{"line":12,"column":24},"end":{"line":12,"column":53}},"6":{"start":{"line":13,"column":20},"end":{"line":13,"column":45}},"7":{"start":{"line":14,"column":19},"end":{"line":14,"column":43}},"8":{"start":{"line":16,"column":15},"end":{"line":16,"column":32}},"9":{"start":{"line":18,"column":12},"end":{"line":18,"column":21}},"10":{"start":{"line":20,"column":0},"end":{"line":20,"column":16}},"11":{"start":{"line":21,"column":0},"end":{"line":21,"column":24}},"12":{"start":{"line":22,"column":0},"end":{"line":22,"column":24}},"13":{"start":{"line":23,"column":0},"end":{"line":23,"column":25}},"14":{"start":{"line":25,"column":0},"end":{"line":25,"column":29}},"15":{"start":{"line":26,"column":0},"end":{"line":26,"column":39}},"16":{"start":{"line":27,"column":0},"end":{"line":27,"column":31}},"17":{"start":{"line":28,"column":0},"end":{"line":28,"column":29}},"18":{"start":{"line":31,"column":0},"end":{"line":33,"column":3}},"19":{"start":{"line":32,"column":4},"end":{"line":32,"column":30}},"20":{"start":{"line":36,"column":0},"end":{"line":45,"column":3}},"21":{"start":{"line":37,"column":4},"end":{"line":37,"column":66}},"22":{"start":{"line":37,"column":41},"end":{"line":37,"column":66}},"23":{"start":{"line":40,"column":20},"end":{"line":40,"column":31}},"24":{"start":{"line":42,"column":4},"end":{"line":44,"column":7}},"25":{"start":{"line":47,"column":0},"end":{"line":47,"column":21}}},"fnMap":{"0":{"name":"(anonymous_0)","decl":{"start":{"line":31,"column":8},"end":{"line":31,"column":9}},"loc":{"start":{"line":31,"column":34},"end":{"line":33,"column":1}},"line":31},"1":{"name":"(anonymous_1)","decl":{"start":{"line":36,"column":8},"end":{"line":36,"column":9}},"loc":{"start":{"line":36,"column":39},"end":{"line":45,"column":1}},"line":36}},"branchMap":{"0":{"loc":{"start":{"line":37,"column":4},"end":{"line":37,"column":66}},"type":"if","locations":[{"start":{"line":37,"column":4},"end":{"line":37,"column":66}},{"start":{},"end":{}}],"line":37}},"s":{"0":4,"1":4,"2":4,"3":4,"4":4,"5":4,"6":4,"7":4,"8":4,"9":4,"10":4,"11":4,"12":4,"13":4,"14":4,"15":4,"16":4,"17":4,"18":4,"19":2,"20":4,"21":36,"22":1,"23":36,"24":36,"25":4},"f":{"0":2,"1":36},"b":{"0":[1,35]},"_coverageSchema":"1a1c01bbd47fc00a2c39e90264f33305004495a9","hash":"0ef45e96b0222eb3a792232ed3b5b3a6500e81ff"}
,"/Users/bri/Desktop/rithm/9-20/express-jobly/config.js": {"path":"/Users/bri/Desktop/rithm/9-20/express-jobly/config.js","statementMap":{"0":{"start":{"line":5,"column":0},"end":{"line":5,"column":27}},"1":{"start":{"line":6,"column":0},"end":{"line":6,"column":18}},"2":{"start":{"line":8,"column":19},"end":{"line":8,"column":57}},"3":{"start":{"line":10,"column":13},"end":{"line":10,"column":38}},"4":{"start":{"line":14,"column":2},"end":{"line":16,"column":58}},"5":{"start":{"line":21,"column":27},"end":{"line":21,"column":67}},"6":{"start":{"line":23,"column":0},"end":{"line":32,"column":1}},"7":{"start":{"line":24,"column":2},"end":{"line":31,"column":6}},"8":{"start":{"line":34,"column":0},"end":{"line":39,"column":2}}},"fnMap":{"0":{"name":"getDatabaseUri","decl":{"start":{"line":13,"column":9},"end":{"line":13,"column":23}},"loc":{"start":{"line":13,"column":26},"end":{"line":17,"column":1}},"line":13}},"branchMap":{"0":{"loc":{"start":{"line":8,"column":19},"end":{"line":8,"column":57}},"type":"binary-expr","locations":[{"start":{"line":8,"column":19},"end":{"line":8,"column":41}},{"start":{"line":8,"column":45},"end":{"line":8,"column":57}}],"line":8},"1":{"loc":{"start":{"line":10,"column":13},"end":{"line":10,"column":38}},"type":"binary-expr","locations":[{"start":{"line":10,"column":13},"end":{"line":10,"column":30}},{"start":{"line":10,"column":34},"end":{"line":10,"column":38}}],"line":10},"2":{"loc":{"start":{"line":14,"column":9},"end":{"line":16,"column":57}},"type":"cond-expr","locations":[{"start":{"line":15,"column":8},"end":{"line":15,"column":34}},{"start":{"line":16,"column":8},"end":{"line":16,"column":57}}],"line":14},"3":{"loc":{"start":{"line":16,"column":8},"end":{"line":16,"column":57}},"type":"binary-expr","locations":[{"start":{"line":16,"column":8},"end":{"line":16,"column":32}},{"start":{"line":16,"column":36},"end":{"line":16,"column":57}}],"line":16},"4":{"loc":{"start":{"line":21,"column":27},"end":{"line":21,"column":67}},"type":"cond-expr","locations":[{"start":{"line":21,"column":61},"end":{"line":21,"column":62}},{"start":{"line":21,"column":65},"end":{"line":21,"column":67}}],"line":21},"5":{"loc":{"start":{"line":23,"column":0},"end":{"line":32,"column":1}},"type":"if","locations":[{"start":{"line":23,"column":0},"end":{"line":32,"column":1}},{"start":{},"end":{}}],"line":23}},"s":{"0":10,"1":10,"2":10,"3":10,"4":11,"5":10,"6":10,"7":1,"8":10},"f":{"0":11},"b":{"0":[10,9],"1":[10,9],"2":[8,3],"3":[3,1],"4":[9,1],"5":[1,9]},"_coverageSchema":"1a1c01bbd47fc00a2c39e90264f33305004495a9","hash":"6dbfc37c15e7c31c8c20211b2f0c178cdea0473d"}
,"/Users/bri/Desktop/rithm/9-20/express-jobly/db.js": {"path":"/Users/bri/Desktop/rithm/9-20/express-jobly/db.js","statementMap":{"0":{"start":{"line":5,"column":19},"end":{"line":5,"column":32}},"1":{"start":{"line":6,"column":27},"end":{"line":6,"column":46}},"2":{"start":{"line":8,"column":20},"end":{"line":8,"column":36}},"3":{"start":{"line":10,"column":11},"end":{"line":12,"column":2}},"4":{"start":{"line":16,"column":25},"end":{"line":16,"column":43}},"5":{"start":{"line":17,"column":2},"end":{"line":23,"column":3}},"6":{"start":{"line":18,"column":4},"end":{"line":18,"column":23}},"7":{"start":{"line":19,"column":4},"end":{"line":19,"column":39}},"8":{"start":{"line":25,"column":0},"end":{"line":25,"column":12}},"9":{"start":{"line":27,"column":0},"end":{"line":27,"column":20}}},"fnMap":{"0":{"name":"connectDb","decl":{"start":{"line":14,"column":15},"end":{"line":14,"column":24}},"loc":{"start":{"line":14,"column":27},"end":{"line":24,"column":1}},"line":14}},"branchMap":{},"s":{"0":7,"1":7,"2":7,"3":7,"4":7,"5":7,"6":7,"7":7,"8":7,"9":7},"f":{"0":7},"b":{},"_coverageSchema":"1a1c01bbd47fc00a2c39e90264f33305004495a9","hash":"39004b97c3db6f1770c374c6d1abfaae7f345844"}
,"/Users/bri/Desktop/rithm/9-20/express-jobly/expressError.js": {"path":"/Users/bri/Desktop/rithm/9-20/express-jobly/expressError.js","statementMap":{"0":{"start":{"line":11,"column":4},"end":{"line":11,"column":12}},"1":{"start":{"line":12,"column":4},"end":{"line":12,"column":27}},"2":{"start":{"line":13,"column":4},"end":{"line":13,"column":25}},"3":{"start":{"line":21,"column":4},"end":{"line":21,"column":24}},"4":{"start":{"line":29,"column":4},"end":{"line":29,"column":24}},"5":{"start":{"line":37,"column":4},"end":{"line":37,"column":24}},"6":{"start":{"line":45,"column":4},"end":{"line":45,"column":24}},"7":{"start":{"line":49,"column":0},"end":{"line":55,"column":2}}},"fnMap":{"0":{"name":"(anonymous_0)","decl":{"start":{"line":10,"column":2},"end":{"line":10,"column":3}},"loc":{"start":{"line":10,"column":31},"end":{"line":14,"column":3}},"line":10},"1":{"name":"(anonymous_1)","decl":{"start":{"line":20,"column":2},"end":{"line":20,"column":3}},"loc":{"start":{"line":20,"column":37},"end":{"line":22,"column":3}},"line":20},"2":{"name":"(anonymous_2)","decl":{"start":{"line":28,"column":2},"end":{"line":28,"column":3}},"loc":{"start":{"line":28,"column":40},"end":{"line":30,"column":3}},"line":28},"3":{"name":"(anonymous_3)","decl":{"start":{"line":36,"column":2},"end":{"line":36,"column":3}},"loc":{"start":{"line":36,"column":39},"end":{"line":38,"column":3}},"line":36},"4":{"name":"(anonymous_4)","decl":{"start":{"line":44,"column":2},"end":{"line":44,"column":3}},"loc":{"start":{"line":44,"column":37},"end":{"line":46,"column":3}},"line":44}},"branchMap":{"0":{"loc":{"start":{"line":20,"column":14},"end":{"line":20,"column":35}},"type":"default-arg","locations":[{"start":{"line":20,"column":24},"end":{"line":20,"column":35}}],"line":20},"1":{"loc":{"start":{"line":28,"column":14},"end":{"line":28,"column":38}},"type":"default-arg","locations":[{"start":{"line":28,"column":24},"end":{"line":28,"column":38}}],"line":28},"2":{"loc":{"start":{"line":36,"column":14},"end":{"line":36,"column":37}},"type":"default-arg","locations":[{"start":{"line":36,"column":24},"end":{"line":36,"column":37}}],"line":36},"3":{"loc":{"start":{"line":44,"column":14},"end":{"line":44,"column":35}},"type":"default-arg","locations":[{"start":{"line":44,"column":24},"end":{"line":44,"column":35}}],"line":44}},"s":{"0":59,"1":59,"2":59,"3":17,"4":21,"5":21,"6":0,"7":9},"f":{"0":59,"1":17,"2":21,"3":21,"4":0},"b":{"0":[2],"1":[17],"2":[0],"3":[0]},"_coverageSchema":"1a1c01bbd47fc00a2c39e90264f33305004495a9","hash":"74f16a952d7497eeb5ce07618e35069d7a5dbaad"}
,"/Users/bri/Desktop/rithm/9-20/express-jobly/helpers/sql.js": {"path":"/Users/bri/Desktop/rithm/9-20/express-jobly/helpers/sql.js","statementMap":{"0":{"start":{"line":3,"column":28},"end":{"line":3,"column":54}},"1":{"start":{"line":19,"column":15},"end":{"line":19,"column":40}},"2":{"start":{"line":20,"column":2},"end":{"line":20,"column":62}},"3":{"start":{"line":20,"column":25},"end":{"line":20,"column":62}},"4":{"start":{"line":23,"column":15},"end":{"line":25,"column":3}},"5":{"start":{"line":24,"column":22},"end":{"line":24,"column":68}},"6":{"start":{"line":27,"column":2},"end":{"line":30,"column":4}},"7":{"start":{"line":33,"column":0},"end":{"line":33,"column":41}}},"fnMap":{"0":{"name":"sqlForPartialUpdate","decl":{"start":{"line":18,"column":9},"end":{"line":18,"column":28}},"loc":{"start":{"line":18,"column":52},"end":{"line":31,"column":1}},"line":18},"1":{"name":"(anonymous_1)","decl":{"start":{"line":24,"column":4},"end":{"line":24,"column":5}},"loc":{"start":{"line":24,"column":22},"end":{"line":24,"column":68}},"line":24}},"branchMap":{"0":{"loc":{"start":{"line":20,"column":2},"end":{"line":20,"column":62}},"type":"if","locations":[{"start":{"line":20,"column":2},"end":{"line":20,"column":62}},{"start":{},"end":{}}],"line":20},"1":{"loc":{"start":{"line":24,"column":26},"end":{"line":24,"column":53}},"type":"binary-expr","locations":[{"start":{"line":24,"column":26},"end":{"line":24,"column":42}},{"start":{"line":24,"column":46},"end":{"line":24,"column":53}}],"line":24}},"s":{"0":8,"1":21,"2":21,"3":4,"4":17,"5":36,"6":17,"7":8},"f":{"0":21,"1":36},"b":{"0":[4,17],"1":[36,20]},"_coverageSchema":"1a1c01bbd47fc00a2c39e90264f33305004495a9","hash":"e0e73d23b9b963ca4a57b8144520d892e10d987f"}
,"/Users/bri/Desktop/rithm/9-20/express-jobly/helpers/tokens.js": {"path":"/Users/bri/Desktop/rithm/9-20/express-jobly/helpers/tokens.js","statementMap":{"0":{"start":{"line":3,"column":12},"end":{"line":3,"column":35}},"1":{"start":{"line":4,"column":23},"end":{"line":4,"column":43}},"2":{"start":{"line":9,"column":16},"end":{"line":12,"column":3}},"3":{"start":{"line":14,"column":2},"end":{"line":14,"column":39}},"4":{"start":{"line":17,"column":0},"end":{"line":17,"column":33}}},"fnMap":{"0":{"name":"createToken","decl":{"start":{"line":8,"column":9},"end":{"line":8,"column":20}},"loc":{"start":{"line":8,"column":27},"end":{"line":15,"column":1}},"line":8}},"branchMap":{},"s":{"0":5,"1":5,"2":13,"3":13,"4":5},"f":{"0":13},"b":{},"_coverageSchema":"1a1c01bbd47fc00a2c39e90264f33305004495a9","hash":"5435f0fad2694a2203a63ec9337cacf09d8c229d"}
,"/Users/bri/Desktop/rithm/9-20/express-jobly/middleware/auth.js": {"path":"/Users/bri/Desktop/rithm/9-20/express-jobly/middleware/auth.js","statementMap":{"0":{"start":{"line":5,"column":12},"end":{"line":5,"column":35}},"1":{"start":{"line":6,"column":23},"end":{"line":6,"column":43}},"2":{"start":{"line":7,"column":30},"end":{"line":7,"column":56}},"3":{"start":{"line":18,"column":23},"end":{"line":18,"column":49}},"4":{"start":{"line":19,"column":4},"end":{"line":27,"column":5}},"5":{"start":{"line":20,"column":22},"end":{"line":20,"column":66}},"6":{"start":{"line":22,"column":8},"end":{"line":26,"column":9}},"7":{"start":{"line":23,"column":12},"end":{"line":23,"column":60}},"8":{"start":{"line":28,"column":4},"end":{"line":28,"column":18}},"9":{"start":{"line":37,"column":4},"end":{"line":37,"column":49}},"10":{"start":{"line":37,"column":35},"end":{"line":37,"column":49}},"11":{"start":{"line":38,"column":4},"end":{"line":38,"column":34}},"12":{"start":{"line":48,"column":4},"end":{"line":48,"column":48}},"13":{"start":{"line":48,"column":34},"end":{"line":48,"column":48}},"14":{"start":{"line":49,"column":4},"end":{"line":49,"column":34}},"15":{"start":{"line":56,"column":24},"end":{"line":56,"column":39}},"16":{"start":{"line":57,"column":28},"end":{"line":57,"column":73}},"17":{"start":{"line":59,"column":4},"end":{"line":61,"column":5}},"18":{"start":{"line":60,"column":8},"end":{"line":60,"column":22}},"19":{"start":{"line":63,"column":4},"end":{"line":63,"column":34}},"20":{"start":{"line":66,"column":0},"end":{"line":71,"column":2}}},"fnMap":{"0":{"name":"authenticateJWT","decl":{"start":{"line":17,"column":9},"end":{"line":17,"column":24}},"loc":{"start":{"line":17,"column":41},"end":{"line":29,"column":1}},"line":17},"1":{"name":"ensureLoggedIn","decl":{"start":{"line":36,"column":9},"end":{"line":36,"column":23}},"loc":{"start":{"line":36,"column":40},"end":{"line":39,"column":1}},"line":36},"2":{"name":"isAdmin","decl":{"start":{"line":47,"column":9},"end":{"line":47,"column":16}},"loc":{"start":{"line":47,"column":33},"end":{"line":50,"column":1}},"line":47},"3":{"name":"isAdminOrUser","decl":{"start":{"line":55,"column":9},"end":{"line":55,"column":22}},"loc":{"start":{"line":55,"column":39},"end":{"line":64,"column":1}},"line":55}},"branchMap":{"0":{"loc":{"start":{"line":19,"column":4},"end":{"line":27,"column":5}},"type":"if","locations":[{"start":{"line":19,"column":4},"end":{"line":27,"column":5}},{"start":{},"end":{}}],"line":19},"1":{"loc":{"start":{"line":37,"column":4},"end":{"line":37,"column":49}},"type":"if","locations":[{"start":{"line":37,"column":4},"end":{"line":37,"column":49}},{"start":{},"end":{}}],"line":37},"2":{"loc":{"start":{"line":48,"column":4},"end":{"line":48,"column":48}},"type":"if","locations":[{"start":{"line":48,"column":4},"end":{"line":48,"column":48}},{"start":{},"end":{}}],"line":48},"3":{"loc":{"start":{"line":59,"column":4},"end":{"line":61,"column":5}},"type":"if","locations":[{"start":{"line":59,"column":4},"end":{"line":61,"column":5}},{"start":{},"end":{}}],"line":59},"4":{"loc":{"start":{"line":59,"column":8},"end":{"line":59,"column":74}},"type":"binary-expr","locations":[{"start":{"line":59,"column":9},"end":{"line":59,"column":20}},{"start":{"line":59,"column":24},"end":{"line":59,"column":39}},{"start":{"line":59,"column":45},"end":{"line":59,"column":73}}],"line":59}},"s":{"0":5,"1":5,"2":5,"3":58,"4":58,"5":33,"6":33,"7":33,"8":58,"9":41,"10":32,"11":9,"12":20,"13":15,"14":5,"15":17,"16":17,"17":17,"18":14,"19":3,"20":5},"f":{"0":58,"1":41,"2":20,"3":17},"b":{"0":[33,25],"1":[32,9],"2":[15,5],"3":[14,3],"4":[17,17,10]},"_coverageSchema":"1a1c01bbd47fc00a2c39e90264f33305004495a9","hash":"10f6dea26779d6dbfa06982fba88f3bfdf3af972"}
,"/Users/bri/Desktop/rithm/9-20/express-jobly/models/_testCommon.js": {"path":"/Users/bri/Desktop/rithm/9-20/express-jobly/models/_testCommon.js","statementMap":{"0":{"start":{"line":3,"column":15},"end":{"line":3,"column":32}},"1":{"start":{"line":5,"column":11},"end":{"line":5,"column":30}},"2":{"start":{"line":6,"column":31},"end":{"line":6,"column":51}},"3":{"start":{"line":10,"column":2},"end":{"line":10,"column":42}},"4":{"start":{"line":12,"column":2},"end":{"line":12,"column":38}},"5":{"start":{"line":14,"column":2},"end":{"line":14,"column":37}},"6":{"start":{"line":16,"column":2},"end":{"line":20,"column":57}},"7":{"start":{"line":22,"column":2},"end":{"line":33,"column":5}},"8":{"start":{"line":35,"column":2},"end":{"line":39,"column":47}},"9":{"start":{"line":43,"column":2},"end":{"line":43,"column":26}},"10":{"start":{"line":47,"column":2},"end":{"line":47,"column":29}},"11":{"start":{"line":51,"column":2},"end":{"line":51,"column":17}},"12":{"start":{"line":55,"column":0},"end":{"line":60,"column":2}}},"fnMap":{"0":{"name":"commonBeforeAll","decl":{"start":{"line":8,"column":15},"end":{"line":8,"column":30}},"loc":{"start":{"line":8,"column":33},"end":{"line":40,"column":1}},"line":8},"1":{"name":"commonBeforeEach","decl":{"start":{"line":42,"column":15},"end":{"line":42,"column":31}},"loc":{"start":{"line":42,"column":34},"end":{"line":44,"column":1}},"line":42},"2":{"name":"commonAfterEach","decl":{"start":{"line":46,"column":15},"end":{"line":46,"column":30}},"loc":{"start":{"line":46,"column":33},"end":{"line":48,"column":1}},"line":46},"3":{"name":"commonAfterAll","decl":{"start":{"line":50,"column":15},"end":{"line":50,"column":29}},"loc":{"start":{"line":50,"column":32},"end":{"line":52,"column":1}},"line":50}},"branchMap":{},"s":{"0":3,"1":3,"2":3,"3":3,"4":3,"5":3,"6":3,"7":3,"8":3,"9":45,"10":45,"11":3,"12":3},"f":{"0":3,"1":45,"2":45,"3":3},"b":{},"_coverageSchema":"1a1c01bbd47fc00a2c39e90264f33305004495a9","hash":"840cbd8368a79b84c8d6fc51c38e1d7f5262a59f"}
,"/Users/bri/Desktop/rithm/9-20/express-jobly/models/company.js": {"path":"/Users/bri/Desktop/rithm/9-20/express-jobly/models/company.js","statementMap":{"0":{"start":{"line":3,"column":11},"end":{"line":3,"column":27}},"1":{"start":{"line":4,"column":43},"end":{"line":4,"column":69}},"2":{"start":{"line":5,"column":51},"end":{"line":5,"column":76}},"3":{"start":{"line":20,"column":31},"end":{"line":26,"column":9}},"4":{"start":{"line":28,"column":8},"end":{"line":29,"column":70}},"5":{"start":{"line":29,"column":12},"end":{"line":29,"column":70}},"6":{"start":{"line":31,"column":23},"end":{"line":46,"column":9}},"7":{"start":{"line":47,"column":24},"end":{"line":47,"column":38}},"8":{"start":{"line":49,"column":8},"end":{"line":49,"column":23}},"9":{"start":{"line":58,"column":8},"end":{"line":64,"column":9}},"10":{"start":{"line":59,"column":12},"end":{"line":63,"column":13}},"11":{"start":{"line":60,"column":16},"end":{"line":62,"column":18}},"12":{"start":{"line":66,"column":36},"end":{"line":66,"column":66}},"13":{"start":{"line":68,"column":25},"end":{"line":76,"column":26}},"14":{"start":{"line":78,"column":29},"end":{"line":78,"column":66}},"15":{"start":{"line":79,"column":8},"end":{"line":79,"column":33}},"16":{"start":{"line":88,"column":21},"end":{"line":88,"column":45}},"17":{"start":{"line":90,"column":21},"end":{"line":101,"column":10}},"18":{"start":{"line":91,"column":12},"end":{"line":94,"column":13}},"19":{"start":{"line":93,"column":16},"end":{"line":93,"column":48}},"20":{"start":{"line":95,"column":12},"end":{"line":97,"column":13}},"21":{"start":{"line":96,"column":16},"end":{"line":96,"column":54}},"22":{"start":{"line":98,"column":12},"end":{"line":100,"column":13}},"23":{"start":{"line":99,"column":16},"end":{"line":99,"column":54}},"24":{"start":{"line":103,"column":21},"end":{"line":103,"column":78}},"25":{"start":{"line":104,"column":8},"end":{"line":108,"column":10}},"26":{"start":{"line":120,"column":27},"end":{"line":130,"column":9}},"27":{"start":{"line":132,"column":24},"end":{"line":132,"column":42}},"28":{"start":{"line":134,"column":8},"end":{"line":134,"column":71}},"29":{"start":{"line":134,"column":22},"end":{"line":134,"column":71}},"30":{"start":{"line":136,"column":8},"end":{"line":136,"column":23}},"31":{"start":{"line":152,"column":36},"end":{"line":155,"column":10}},"32":{"start":{"line":156,"column":29},"end":{"line":156,"column":54}},"33":{"start":{"line":158,"column":25},"end":{"line":167,"column":34}},"34":{"start":{"line":168,"column":23},"end":{"line":168,"column":68}},"35":{"start":{"line":169,"column":24},"end":{"line":169,"column":38}},"36":{"start":{"line":171,"column":8},"end":{"line":171,"column":71}},"37":{"start":{"line":171,"column":22},"end":{"line":171,"column":71}},"38":{"start":{"line":173,"column":8},"end":{"line":173,"column":23}},"39":{"start":{"line":182,"column":23},"end":{"line":189,"column":9}},"40":{"start":{"line":190,"column":24},"end":{"line":190,"column":38}},"41":{"start":{"line":192,"column":8},"end":{"line":192,"column":71}},"42":{"start":{"line":192,"column":22},"end":{"line":192,"column":71}},"43":{"start":{"line":196,"column":0},"end":{"line":196,"column":25}}},"fnMap":{"0":{"name":"(anonymous_0)","decl":{"start":{"line":19,"column":4},"end":{"line":19,"column":5}},"loc":{"start":{"line":19,"column":78},"end":{"line":50,"column":5}},"line":19},"1":{"name":"(anonymous_1)","decl":{"start":{"line":57,"column":4},"end":{"line":57,"column":5}},"loc":{"start":{"line":57,"column":36},"end":{"line":80,"column":5}},"line":57},"2":{"name":"(anonymous_2)","decl":{"start":{"line":87,"column":4},"end":{"line":87,"column":5}},"loc":{"start":{"line":87,"column":41},"end":{"line":109,"column":5}},"line":87},"3":{"name":"(anonymous_3)","decl":{"start":{"line":90,"column":30},"end":{"line":90,"column":31}},"loc":{"start":{"line":90,"column":48},"end":{"line":101,"column":9}},"line":90},"4":{"name":"(anonymous_4)","decl":{"start":{"line":119,"column":4},"end":{"line":119,"column":5}},"loc":{"start":{"line":119,"column":29},"end":{"line":137,"column":5}},"line":119},"5":{"name":"(anonymous_5)","decl":{"start":{"line":151,"column":4},"end":{"line":151,"column":5}},"loc":{"start":{"line":151,"column":38},"end":{"line":174,"column":5}},"line":151},"6":{"name":"(anonymous_6)","decl":{"start":{"line":181,"column":4},"end":{"line":181,"column":5}},"loc":{"start":{"line":181,"column":32},"end":{"line":193,"column":5}},"line":181}},"branchMap":{"0":{"loc":{"start":{"line":28,"column":8},"end":{"line":29,"column":70}},"type":"if","locations":[{"start":{"line":28,"column":8},"end":{"line":29,"column":70}},{"start":{},"end":{}}],"line":28},"1":{"loc":{"start":{"line":57,"column":25},"end":{"line":57,"column":34}},"type":"default-arg","locations":[{"start":{"line":57,"column":32},"end":{"line":57,"column":34}}],"line":57},"2":{"loc":{"start":{"line":58,"column":8},"end":{"line":64,"column":9}},"type":"if","locations":[{"start":{"line":58,"column":8},"end":{"line":64,"column":9}},{"start":{},"end":{}}],"line":58},"3":{"loc":{"start":{"line":58,"column":12},"end":{"line":58,"column":50}},"type":"binary-expr","locations":[{"start":{"line":58,"column":12},"end":{"line":58,"column":29}},{"start":{"line":58,"column":33},"end":{"line":58,"column":50}}],"line":58},"4":{"loc":{"start":{"line":59,"column":12},"end":{"line":63,"column":13}},"type":"if","locations":[{"start":{"line":59,"column":12},"end":{"line":63,"column":13}},{"start":{},"end":{}}],"line":59},"5":{"loc":{"start":{"line":91,"column":12},"end":{"line":94,"column":13}},"type":"if","locations":[{"start":{"line":91,"column":12},"end":{"line":94,"column":13}},{"start":{},"end":{}}],"line":91},"6":{"loc":{"start":{"line":95,"column":12},"end":{"line":97,"column":13}},"type":"if","locations":[{"start":{"line":95,"column":12},"end":{"line":97,"column":13}},{"start":{},"end":{}}],"line":95},"7":{"loc":{"start":{"line":98,"column":12},"end":{"line":100,"column":13}},"type":"if","locations":[{"start":{"line":98,"column":12},"end":{"line":100,"column":13}},{"start":{},"end":{}}],"line":98},"8":{"loc":{"start":{"line":103,"column":21},"end":{"line":103,"column":78}},"type":"cond-expr","locations":[{"start":{"line":103,"column":39},"end":{"line":103,"column":73}},{"start":{"line":103,"column":76},"end":{"line":103,"column":78}}],"line":103},"9":{"loc":{"start":{"line":134,"column":8},"end":{"line":134,"column":71}},"type":"if","locations":[{"start":{"line":134,"column":8},"end":{"line":134,"column":71}},{"start":{},"end":{}}],"line":134},"10":{"loc":{"start":{"line":171,"column":8},"end":{"line":171,"column":71}},"type":"if","locations":[{"start":{"line":171,"column":8},"end":{"line":171,"column":71}},{"start":{},"end":{}}],"line":171},"11":{"loc":{"start":{"line":192,"column":8},"end":{"line":192,"column":71}},"type":"if","locations":[{"start":{"line":192,"column":8},"end":{"line":192,"column":71}},{"start":{},"end":{}}],"line":192}},"s":{"0":6,"1":6,"2":6,"3":13,"4":13,"5":1,"6":12,"7":12,"8":12,"9":8,"10":2,"11":2,"12":6,"13":6,"14":6,"15":6,"16":10,"17":10,"18":12,"19":4,"20":8,"21":3,"22":5,"23":5,"24":10,"25":10,"26":5,"27":5,"28":5,"29":2,"30":3,"31":6,"32":5,"33":5,"34":5,"35":5,"36":5,"37":2,"38":3,"39":4,"40":4,"41":4,"42":2,"43":6},"f":{"0":13,"1":8,"2":10,"3":12,"4":5,"5":6,"6":4},"b":{"0":[1,12],"1":[0],"2":[2,6],"3":[8,4],"4":[2,0],"5":[4,8],"6":[3,5],"7":[5,0],"8":[8,2],"9":[2,3],"10":[2,3],"11":[2,2]},"_coverageSchema":"1a1c01bbd47fc00a2c39e90264f33305004495a9","hash":"b56a5fd152491bcdd2ac7edce4e2239ca80e78ed"}
,"/Users/bri/Desktop/rithm/9-20/express-jobly/models/job.js": {"path":"/Users/bri/Desktop/rithm/9-20/express-jobly/models/job.js","statementMap":{"0":{"start":{"line":3,"column":11},"end":{"line":3,"column":27}},"1":{"start":{"line":4,"column":43},"end":{"line":4,"column":69}},"2":{"start":{"line":5,"column":51},"end":{"line":5,"column":76}},"3":{"start":{"line":20,"column":31},"end":{"line":26,"column":9}},"4":{"start":{"line":28,"column":8},"end":{"line":29,"column":65}},"5":{"start":{"line":29,"column":12},"end":{"line":29,"column":65}},"6":{"start":{"line":31,"column":23},"end":{"line":46,"column":9}},"7":{"start":{"line":47,"column":21},"end":{"line":47,"column":35}},"8":{"start":{"line":49,"column":8},"end":{"line":49,"column":20}},"9":{"start":{"line":58,"column":23},"end":{"line":65,"column":28}},"10":{"start":{"line":67,"column":8},"end":{"line":67,"column":27}},"11":{"start":{"line":78,"column":23},"end":{"line":88,"column":9}},"12":{"start":{"line":90,"column":21},"end":{"line":90,"column":32}},"13":{"start":{"line":92,"column":8},"end":{"line":92,"column":86}},"14":{"start":{"line":92,"column":31},"end":{"line":92,"column":86}},"15":{"start":{"line":94,"column":8},"end":{"line":94,"column":20}},"16":{"start":{"line":110,"column":36},"end":{"line":112,"column":10}},"17":{"start":{"line":113,"column":22},"end":{"line":113,"column":47}},"18":{"start":{"line":115,"column":25},"end":{"line":124,"column":46}},"19":{"start":{"line":125,"column":23},"end":{"line":125,"column":64}},"20":{"start":{"line":126,"column":20},"end":{"line":126,"column":34}},"21":{"start":{"line":128,"column":8},"end":{"line":128,"column":65}},"22":{"start":{"line":128,"column":18},"end":{"line":128,"column":65}},"23":{"start":{"line":130,"column":8},"end":{"line":130,"column":19}},"24":{"start":{"line":139,"column":23},"end":{"line":146,"column":9}},"25":{"start":{"line":147,"column":20},"end":{"line":147,"column":34}},"26":{"start":{"line":149,"column":8},"end":{"line":149,"column":59}},"27":{"start":{"line":149,"column":18},"end":{"line":149,"column":59}},"28":{"start":{"line":153,"column":0},"end":{"line":153,"column":21}}},"fnMap":{"0":{"name":"(anonymous_0)","decl":{"start":{"line":19,"column":4},"end":{"line":19,"column":5}},"loc":{"start":{"line":19,"column":70},"end":{"line":50,"column":5}},"line":19},"1":{"name":"(anonymous_1)","decl":{"start":{"line":57,"column":4},"end":{"line":57,"column":5}},"loc":{"start":{"line":57,"column":27},"end":{"line":68,"column":5}},"line":57},"2":{"name":"(anonymous_2)","decl":{"start":{"line":77,"column":4},"end":{"line":77,"column":5}},"loc":{"start":{"line":77,"column":36},"end":{"line":95,"column":5}},"line":77},"3":{"name":"(anonymous_3)","decl":{"start":{"line":109,"column":4},"end":{"line":109,"column":5}},"loc":{"start":{"line":109,"column":34},"end":{"line":131,"column":5}},"line":109},"4":{"name":"(anonymous_4)","decl":{"start":{"line":138,"column":4},"end":{"line":138,"column":5}},"loc":{"start":{"line":138,"column":28},"end":{"line":150,"column":5}},"line":138}},"branchMap":{"0":{"loc":{"start":{"line":28,"column":8},"end":{"line":29,"column":65}},"type":"if","locations":[{"start":{"line":28,"column":8},"end":{"line":29,"column":65}},{"start":{},"end":{}}],"line":28},"1":{"loc":{"start":{"line":92,"column":8},"end":{"line":92,"column":86}},"type":"if","locations":[{"start":{"line":92,"column":8},"end":{"line":92,"column":86}},{"start":{},"end":{}}],"line":92},"2":{"loc":{"start":{"line":128,"column":8},"end":{"line":128,"column":65}},"type":"if","locations":[{"start":{"line":128,"column":8},"end":{"line":128,"column":65}},{"start":{},"end":{}}],"line":128},"3":{"loc":{"start":{"line":149,"column":8},"end":{"line":149,"column":59}},"type":"if","locations":[{"start":{"line":149,"column":8},"end":{"line":149,"column":59}},{"start":{},"end":{}}],"line":149}},"s":{"0":5,"1":5,"2":5,"3":3,"4":3,"5":1,"6":2,"7":2,"8":2,"9":1,"10":1,"11":2,"12":2,"13":2,"14":1,"15":1,"16":4,"17":3,"18":3,"19":3,"20":3,"21":3,"22":1,"23":2,"24":2,"25":2,"26":2,"27":1,"28":5},"f":{"0":3,"1":1,"2":2,"3":4,"4":2},"b":{"0":[1,2],"1":[1,1],"2":[1,2],"3":[1,1]},"_coverageSchema":"1a1c01bbd47fc00a2c39e90264f33305004495a9","hash":"db36cdce8f48134bd0a54bfbf5dbdba8bfe63852"}
,"/Users/bri/Desktop/rithm/9-20/express-jobly/models/user.js": {"path":"/Users/bri/Desktop/rithm/9-20/express-jobly/models/user.js","statementMap":{"0":{"start":{"line":3,"column":11},"end":{"line":3,"column":27}},"1":{"start":{"line":4,"column":15},"end":{"line":4,"column":32}},"2":{"start":{"line":5,"column":32},"end":{"line":5,"column":57}},"3":{"start":{"line":10,"column":4},"end":{"line":10,"column":30}},"4":{"start":{"line":12,"column":31},"end":{"line":12,"column":54}},"5":{"start":{"line":26,"column":19},"end":{"line":35,"column":5}},"6":{"start":{"line":37,"column":17},"end":{"line":37,"column":31}},"7":{"start":{"line":39,"column":4},"end":{"line":46,"column":5}},"8":{"start":{"line":41,"column":22},"end":{"line":41,"column":67}},"9":{"start":{"line":42,"column":6},"end":{"line":45,"column":7}},"10":{"start":{"line":43,"column":8},"end":{"line":43,"column":29}},"11":{"start":{"line":44,"column":8},"end":{"line":44,"column":20}},"12":{"start":{"line":48,"column":4},"end":{"line":48,"column":61}},"13":{"start":{"line":60,"column":27},"end":{"line":64,"column":5}},"14":{"start":{"line":66,"column":4},"end":{"line":68,"column":5}},"15":{"start":{"line":67,"column":6},"end":{"line":67,"column":67}},"16":{"start":{"line":70,"column":27},"end":{"line":70,"column":74}},"17":{"start":{"line":72,"column":19},"end":{"line":94,"column":5}},"18":{"start":{"line":96,"column":17},"end":{"line":96,"column":31}},"19":{"start":{"line":98,"column":4},"end":{"line":98,"column":16}},"20":{"start":{"line":107,"column":19},"end":{"line":115,"column":5}},"21":{"start":{"line":117,"column":4},"end":{"line":117,"column":23}},"22":{"start":{"line":129,"column":20},"end":{"line":137,"column":5}},"23":{"start":{"line":139,"column":17},"end":{"line":139,"column":32}},"24":{"start":{"line":141,"column":4},"end":{"line":141,"column":63}},"25":{"start":{"line":141,"column":15},"end":{"line":141,"column":63}},"26":{"start":{"line":143,"column":4},"end":{"line":143,"column":16}},"27":{"start":{"line":164,"column":4},"end":{"line":166,"column":5}},"28":{"start":{"line":165,"column":6},"end":{"line":165,"column":75}},"29":{"start":{"line":168,"column":32},"end":{"line":174,"column":10}},"30":{"start":{"line":175,"column":27},"end":{"line":175,"column":52}},"31":{"start":{"line":177,"column":21},"end":{"line":185,"column":34}},"32":{"start":{"line":186,"column":19},"end":{"line":186,"column":66}},"33":{"start":{"line":187,"column":17},"end":{"line":187,"column":31}},"34":{"start":{"line":189,"column":4},"end":{"line":189,"column":63}},"35":{"start":{"line":189,"column":15},"end":{"line":189,"column":63}},"36":{"start":{"line":191,"column":4},"end":{"line":191,"column":25}},"37":{"start":{"line":192,"column":4},"end":{"line":192,"column":16}},"38":{"start":{"line":198,"column":17},"end":{"line":203,"column":5}},"39":{"start":{"line":204,"column":17},"end":{"line":204,"column":31}},"40":{"start":{"line":206,"column":4},"end":{"line":206,"column":63}},"41":{"start":{"line":206,"column":15},"end":{"line":206,"column":63}},"42":{"start":{"line":211,"column":0},"end":{"line":211,"column":22}}},"fnMap":{"0":{"name":"(anonymous_0)","decl":{"start":{"line":24,"column":2},"end":{"line":24,"column":3}},"loc":{"start":{"line":24,"column":48},"end":{"line":49,"column":3}},"line":24},"1":{"name":"(anonymous_1)","decl":{"start":{"line":58,"column":2},"end":{"line":58,"column":3}},"loc":{"start":{"line":59,"column":67},"end":{"line":99,"column":3}},"line":59},"2":{"name":"(anonymous_2)","decl":{"start":{"line":106,"column":2},"end":{"line":106,"column":3}},"loc":{"start":{"line":106,"column":25},"end":{"line":118,"column":3}},"line":106},"3":{"name":"(anonymous_3)","decl":{"start":{"line":128,"column":2},"end":{"line":128,"column":3}},"loc":{"start":{"line":128,"column":29},"end":{"line":144,"column":3}},"line":128},"4":{"name":"(anonymous_4)","decl":{"start":{"line":163,"column":2},"end":{"line":163,"column":3}},"loc":{"start":{"line":163,"column":38},"end":{"line":193,"column":3}},"line":163},"5":{"name":"(anonymous_5)","decl":{"start":{"line":197,"column":2},"end":{"line":197,"column":3}},"loc":{"start":{"line":197,"column":32},"end":{"line":207,"column":3}},"line":197}},"branchMap":{"0":{"loc":{"start":{"line":39,"column":4},"end":{"line":46,"column":5}},"type":"if","locations":[{"start":{"line":39,"column":4},"end":{"line":46,"column":5}},{"start":{},"end":{}}],"line":39},"1":{"loc":{"start":{"line":42,"column":6},"end":{"line":45,"column":7}},"type":"if","locations":[{"start":{"line":42,"column":6},"end":{"line":45,"column":7}},{"start":{},"end":{}}],"line":42},"2":{"loc":{"start":{"line":66,"column":4},"end":{"line":68,"column":5}},"type":"if","locations":[{"start":{"line":66,"column":4},"end":{"line":68,"column":5}},{"start":{},"end":{}}],"line":66},"3":{"loc":{"start":{"line":141,"column":4},"end":{"line":141,"column":63}},"type":"if","locations":[{"start":{"line":141,"column":4},"end":{"line":141,"column":63}},{"start":{},"end":{}}],"line":141},"4":{"loc":{"start":{"line":164,"column":4},"end":{"line":166,"column":5}},"type":"if","locations":[{"start":{"line":164,"column":4},"end":{"line":166,"column":5}},{"start":{},"end":{}}],"line":164},"5":{"loc":{"start":{"line":189,"column":4},"end":{"line":189,"column":63}},"type":"if","locations":[{"start":{"line":189,"column":4},"end":{"line":189,"column":63}},{"start":{},"end":{}}],"line":189},"6":{"loc":{"start":{"line":206,"column":4},"end":{"line":206,"column":63}},"type":"if","locations":[{"start":{"line":206,"column":4},"end":{"line":206,"column":63}},{"start":{},"end":{}}],"line":206}},"s":{"0":5,"1":5,"2":5,"3":5,"4":5,"5":7,"6":7,"7":7,"8":4,"9":4,"10":3,"11":3,"12":4,"13":16,"14":16,"15":1,"16":15,"17":15,"18":15,"19":15,"20":2,"21":2,"22":5,"23":5,"24":5,"25":2,"26":3,"27":8,"28":2,"29":8,"30":7,"31":7,"32":7,"33":7,"34":7,"35":2,"36":5,"37":5,"38":5,"39":5,"40":5,"41":2,"42":5},"f":{"0":7,"1":16,"2":2,"3":5,"4":8,"5":5},"b":{"0":[4,3],"1":[3,1],"2":[1,15],"3":[2,3],"4":[2,6],"5":[2,5],"6":[2,3]},"_coverageSchema":"1a1c01bbd47fc00a2c39e90264f33305004495a9","hash":"9d5c503ccfefbe7d248d8594e11cd31376229c35"}
,"/Users/bri/Desktop/rithm/9-20/express-jobly/routes/_testCommon.js": {"path":"/Users/bri/Desktop/rithm/9-20/express-jobly/routes/_testCommon.js","statementMap":{"0":{"start":{"line":3,"column":11},"end":{"line":3,"column":30}},"1":{"start":{"line":4,"column":13},"end":{"line":4,"column":38}},"2":{"start":{"line":5,"column":16},"end":{"line":5,"column":44}},"3":{"start":{"line":6,"column":24},"end":{"line":6,"column":52}},"4":{"start":{"line":10,"column":4},"end":{"line":10,"column":40}},"5":{"start":{"line":12,"column":4},"end":{"line":12,"column":44}},"6":{"start":{"line":14,"column":4},"end":{"line":20,"column":7}},"7":{"start":{"line":21,"column":4},"end":{"line":27,"column":7}},"8":{"start":{"line":28,"column":4},"end":{"line":34,"column":7}},"9":{"start":{"line":36,"column":4},"end":{"line":43,"column":7}},"10":{"start":{"line":44,"column":4},"end":{"line":51,"column":7}},"11":{"start":{"line":52,"column":4},"end":{"line":59,"column":7}},"12":{"start":{"line":63,"column":4},"end":{"line":63,"column":28}},"13":{"start":{"line":67,"column":4},"end":{"line":67,"column":31}},"14":{"start":{"line":71,"column":4},"end":{"line":71,"column":19}},"15":{"start":{"line":74,"column":16},"end":{"line":74,"column":63}},"16":{"start":{"line":75,"column":16},"end":{"line":75,"column":62}},"17":{"start":{"line":77,"column":0},"end":{"line":84,"column":2}}},"fnMap":{"0":{"name":"commonBeforeAll","decl":{"start":{"line":8,"column":15},"end":{"line":8,"column":30}},"loc":{"start":{"line":8,"column":33},"end":{"line":60,"column":1}},"line":8},"1":{"name":"commonBeforeEach","decl":{"start":{"line":62,"column":15},"end":{"line":62,"column":31}},"loc":{"start":{"line":62,"column":34},"end":{"line":64,"column":1}},"line":62},"2":{"name":"commonAfterEach","decl":{"start":{"line":66,"column":15},"end":{"line":66,"column":30}},"loc":{"start":{"line":66,"column":33},"end":{"line":68,"column":1}},"line":66},"3":{"name":"commonAfterAll","decl":{"start":{"line":70,"column":15},"end":{"line":70,"column":29}},"loc":{"start":{"line":70,"column":32},"end":{"line":72,"column":1}},"line":70}},"branchMap":{},"s":{"0":3,"1":3,"2":3,"3":3,"4":3,"5":3,"6":3,"7":3,"8":3,"9":3,"10":3,"11":3,"12":53,"13":53,"14":3,"15":3,"16":3,"17":3},"f":{"0":3,"1":53,"2":53,"3":3},"b":{},"_coverageSchema":"1a1c01bbd47fc00a2c39e90264f33305004495a9","hash":"5cca1c6f72fe0b61d4727e7b8e1dd41aac2c790c"}
,"/Users/bri/Desktop/rithm/9-20/express-jobly/routes/auth.js": {"path":"/Users/bri/Desktop/rithm/9-20/express-jobly/routes/auth.js","statementMap":{"0":{"start":{"line":5,"column":19},"end":{"line":5,"column":40}},"1":{"start":{"line":7,"column":13},"end":{"line":7,"column":38}},"2":{"start":{"line":8,"column":16},"end":{"line":8,"column":34}},"3":{"start":{"line":9,"column":15},"end":{"line":9,"column":35}},"4":{"start":{"line":10,"column":24},"end":{"line":10,"column":52}},"5":{"start":{"line":11,"column":23},"end":{"line":11,"column":58}},"6":{"start":{"line":12,"column":27},"end":{"line":12,"column":66}},"7":{"start":{"line":13,"column":28},"end":{"line":13,"column":54}},"8":{"start":{"line":22,"column":0},"end":{"line":37,"column":3}},"9":{"start":{"line":23,"column":20},"end":{"line":27,"column":3}},"10":{"start":{"line":28,"column":2},"end":{"line":31,"column":3}},"11":{"start":{"line":29,"column":17},"end":{"line":29,"column":51}},"12":{"start":{"line":29,"column":43},"end":{"line":29,"column":50}},"13":{"start":{"line":30,"column":4},"end":{"line":30,"column":36}},"14":{"start":{"line":33,"column":33},"end":{"line":33,"column":41}},"15":{"start":{"line":34,"column":15},"end":{"line":34,"column":58}},"16":{"start":{"line":35,"column":16},"end":{"line":35,"column":33}},"17":{"start":{"line":36,"column":2},"end":{"line":36,"column":29}},"18":{"start":{"line":49,"column":0},"end":{"line":63,"column":3}},"19":{"start":{"line":50,"column":20},"end":{"line":54,"column":3}},"20":{"start":{"line":55,"column":2},"end":{"line":58,"column":3}},"21":{"start":{"line":56,"column":17},"end":{"line":56,"column":51}},"22":{"start":{"line":56,"column":43},"end":{"line":56,"column":50}},"23":{"start":{"line":57,"column":4},"end":{"line":57,"column":36}},"24":{"start":{"line":60,"column":18},"end":{"line":60,"column":70}},"25":{"start":{"line":61,"column":16},"end":{"line":61,"column":36}},"26":{"start":{"line":62,"column":2},"end":{"line":62,"column":41}},"27":{"start":{"line":66,"column":0},"end":{"line":66,"column":24}}},"fnMap":{"0":{"name":"(anonymous_0)","decl":{"start":{"line":22,"column":22},"end":{"line":22,"column":23}},"loc":{"start":{"line":22,"column":54},"end":{"line":37,"column":1}},"line":22},"1":{"name":"(anonymous_1)","decl":{"start":{"line":29,"column":38},"end":{"line":29,"column":39}},"loc":{"start":{"line":29,"column":43},"end":{"line":29,"column":50}},"line":29},"2":{"name":"(anonymous_2)","decl":{"start":{"line":49,"column":25},"end":{"line":49,"column":26}},"loc":{"start":{"line":49,"column":57},"end":{"line":63,"column":1}},"line":49},"3":{"name":"(anonymous_3)","decl":{"start":{"line":56,"column":38},"end":{"line":56,"column":39}},"loc":{"start":{"line":56,"column":43},"end":{"line":56,"column":50}},"line":56}},"branchMap":{"0":{"loc":{"start":{"line":28,"column":2},"end":{"line":31,"column":3}},"type":"if","locations":[{"start":{"line":28,"column":2},"end":{"line":31,"column":3}},{"start":{},"end":{}}],"line":28},"1":{"loc":{"start":{"line":55,"column":2},"end":{"line":58,"column":3}},"type":"if","locations":[{"start":{"line":55,"column":2},"end":{"line":58,"column":3}},{"start":{},"end":{}}],"line":55}},"s":{"0":4,"1":4,"2":4,"3":4,"4":4,"5":4,"6":4,"7":4,"8":4,"9":5,"10":5,"11":2,"12":2,"13":2,"14":3,"15":3,"16":1,"17":1,"18":4,"19":3,"20":3,"21":2,"22":5,"23":2,"24":1,"25":1,"26":1,"27":4},"f":{"0":5,"1":2,"2":3,"3":5},"b":{"0":[2,3],"1":[2,1]},"_coverageSchema":"1a1c01bbd47fc00a2c39e90264f33305004495a9","hash":"9f22476378ee0456edadee5aa1a66c81e0d4a221"}
,"/Users/bri/Desktop/rithm/9-20/express-jobly/routes/companies.js": {"path":"/Users/bri/Desktop/rithm/9-20/express-jobly/routes/companies.js","statementMap":{"0":{"start":{"line":5,"column":19},"end":{"line":5,"column":40}},"1":{"start":{"line":6,"column":16},"end":{"line":6,"column":34}},"2":{"start":{"line":8,"column":28},"end":{"line":8,"column":54}},"3":{"start":{"line":9,"column":36},"end":{"line":9,"column":65}},"4":{"start":{"line":10,"column":16},"end":{"line":10,"column":44}},"5":{"start":{"line":12,"column":22},"end":{"line":12,"column":62}},"6":{"start":{"line":13,"column":25},"end":{"line":13,"column":62}},"7":{"start":{"line":14,"column":28},"end":{"line":14,"column":68}},"8":{"start":{"line":15,"column":21},"end":{"line":15,"column":60}},"9":{"start":{"line":17,"column":15},"end":{"line":17,"column":35}},"10":{"start":{"line":28,"column":0},"end":{"line":39,"column":3}},"11":{"start":{"line":29,"column":22},"end":{"line":31,"column":6}},"12":{"start":{"line":32,"column":4},"end":{"line":35,"column":5}},"13":{"start":{"line":33,"column":21},"end":{"line":33,"column":57}},"14":{"start":{"line":33,"column":49},"end":{"line":33,"column":56}},"15":{"start":{"line":34,"column":8},"end":{"line":34,"column":40}},"16":{"start":{"line":37,"column":20},"end":{"line":37,"column":50}},"17":{"start":{"line":38,"column":4},"end":{"line":38,"column":45}},"18":{"start":{"line":52,"column":0},"end":{"line":93,"column":3}},"19":{"start":{"line":54,"column":4},"end":{"line":88,"column":5}},"20":{"start":{"line":55,"column":24},"end":{"line":57,"column":10}},"21":{"start":{"line":59,"column":8},"end":{"line":62,"column":9}},"22":{"start":{"line":60,"column":25},"end":{"line":60,"column":63}},"23":{"start":{"line":60,"column":53},"end":{"line":60,"column":62}},"24":{"start":{"line":61,"column":12},"end":{"line":61,"column":44}},"25":{"start":{"line":64,"column":8},"end":{"line":68,"column":10}},"26":{"start":{"line":70,"column":8},"end":{"line":72,"column":9}},"27":{"start":{"line":71,"column":12},"end":{"line":71,"column":37}},"28":{"start":{"line":73,"column":8},"end":{"line":75,"column":9}},"29":{"start":{"line":74,"column":12},"end":{"line":74,"column":41}},"30":{"start":{"line":76,"column":8},"end":{"line":78,"column":9}},"31":{"start":{"line":77,"column":12},"end":{"line":77,"column":41}},"32":{"start":{"line":80,"column":23},"end":{"line":82,"column":10}},"33":{"start":{"line":84,"column":8},"end":{"line":87,"column":9}},"34":{"start":{"line":85,"column":25},"end":{"line":85,"column":62}},"35":{"start":{"line":85,"column":52},"end":{"line":85,"column":61}},"36":{"start":{"line":86,"column":12},"end":{"line":86,"column":44}},"37":{"start":{"line":90,"column":22},"end":{"line":90,"column":53}},"38":{"start":{"line":92,"column":4},"end":{"line":92,"column":35}},"39":{"start":{"line":103,"column":0},"end":{"line":106,"column":3}},"40":{"start":{"line":104,"column":20},"end":{"line":104,"column":56}},"41":{"start":{"line":105,"column":4},"end":{"line":105,"column":33}},"42":{"start":{"line":119,"column":0},"end":{"line":135,"column":2}},"43":{"start":{"line":124,"column":26},"end":{"line":126,"column":10}},"44":{"start":{"line":127,"column":8},"end":{"line":130,"column":9}},"45":{"start":{"line":128,"column":25},"end":{"line":128,"column":61}},"46":{"start":{"line":128,"column":53},"end":{"line":128,"column":60}},"47":{"start":{"line":129,"column":12},"end":{"line":129,"column":44}},"48":{"start":{"line":132,"column":24},"end":{"line":132,"column":73}},"49":{"start":{"line":133,"column":8},"end":{"line":133,"column":37}},"50":{"start":{"line":142,"column":0},"end":{"line":150,"column":2}},"51":{"start":{"line":147,"column":8},"end":{"line":147,"column":48}},"52":{"start":{"line":148,"column":8},"end":{"line":148,"column":56}},"53":{"start":{"line":152,"column":0},"end":{"line":152,"column":24}}},"fnMap":{"0":{"name":"(anonymous_0)","decl":{"start":{"line":28,"column":42},"end":{"line":28,"column":43}},"loc":{"start":{"line":28,"column":74},"end":{"line":39,"column":1}},"line":28},"1":{"name":"(anonymous_1)","decl":{"start":{"line":33,"column":42},"end":{"line":33,"column":43}},"loc":{"start":{"line":33,"column":49},"end":{"line":33,"column":56}},"line":33},"2":{"name":"(anonymous_2)","decl":{"start":{"line":52,"column":16},"end":{"line":52,"column":17}},"loc":{"start":{"line":52,"column":48},"end":{"line":93,"column":1}},"line":52},"3":{"name":"(anonymous_3)","decl":{"start":{"line":60,"column":44},"end":{"line":60,"column":45}},"loc":{"start":{"line":60,"column":53},"end":{"line":60,"column":62}},"line":60},"4":{"name":"(anonymous_4)","decl":{"start":{"line":85,"column":43},"end":{"line":85,"column":44}},"loc":{"start":{"line":85,"column":52},"end":{"line":85,"column":61}},"line":85},"5":{"name":"(anonymous_5)","decl":{"start":{"line":103,"column":23},"end":{"line":103,"column":24}},"loc":{"start":{"line":103,"column":55},"end":{"line":106,"column":1}},"line":103},"6":{"name":"(anonymous_6)","decl":{"start":{"line":123,"column":4},"end":{"line":123,"column":5}},"loc":{"start":{"line":123,"column":36},"end":{"line":134,"column":5}},"line":123},"7":{"name":"(anonymous_7)","decl":{"start":{"line":128,"column":46},"end":{"line":128,"column":47}},"loc":{"start":{"line":128,"column":53},"end":{"line":128,"column":60}},"line":128},"8":{"name":"(anonymous_8)","decl":{"start":{"line":146,"column":4},"end":{"line":146,"column":5}},"loc":{"start":{"line":146,"column":36},"end":{"line":149,"column":5}},"line":146}},"branchMap":{"0":{"loc":{"start":{"line":32,"column":4},"end":{"line":35,"column":5}},"type":"if","locations":[{"start":{"line":32,"column":4},"end":{"line":35,"column":5}},{"start":{},"end":{}}],"line":32},"1":{"loc":{"start":{"line":54,"column":4},"end":{"line":88,"column":5}},"type":"if","locations":[{"start":{"line":54,"column":4},"end":{"line":88,"column":5}},{"start":{},"end":{}}],"line":54},"2":{"loc":{"start":{"line":59,"column":8},"end":{"line":62,"column":9}},"type":"if","locations":[{"start":{"line":59,"column":8},"end":{"line":62,"column":9}},{"start":{},"end":{}}],"line":59},"3":{"loc":{"start":{"line":65,"column":26},"end":{"line":65,"column":65}},"type":"binary-expr","locations":[{"start":{"line":65,"column":26},"end":{"line":65,"column":57}},{"start":{"line":65,"column":61},"end":{"line":65,"column":65}}],"line":65},"4":{"loc":{"start":{"line":66,"column":26},"end":{"line":66,"column":65}},"type":"binary-expr","locations":[{"start":{"line":66,"column":26},"end":{"line":66,"column":57}},{"start":{"line":66,"column":61},"end":{"line":66,"column":65}}],"line":66},"5":{"loc":{"start":{"line":67,"column":22},"end":{"line":67,"column":49}},"type":"binary-expr","locations":[{"start":{"line":67,"column":22},"end":{"line":67,"column":41}},{"start":{"line":67,"column":45},"end":{"line":67,"column":49}}],"line":67},"6":{"loc":{"start":{"line":70,"column":8},"end":{"line":72,"column":9}},"type":"if","locations":[{"start":{"line":70,"column":8},"end":{"line":72,"column":9}},{"start":{},"end":{}}],"line":70},"7":{"loc":{"start":{"line":73,"column":8},"end":{"line":75,"column":9}},"type":"if","locations":[{"start":{"line":73,"column":8},"end":{"line":75,"column":9}},{"start":{},"end":{}}],"line":73},"8":{"loc":{"start":{"line":76,"column":8},"end":{"line":78,"column":9}},"type":"if","locations":[{"start":{"line":76,"column":8},"end":{"line":78,"column":9}},{"start":{},"end":{}}],"line":76},"9":{"loc":{"start":{"line":84,"column":8},"end":{"line":87,"column":9}},"type":"if","locations":[{"start":{"line":84,"column":8},"end":{"line":87,"column":9}},{"start":{},"end":{}}],"line":84},"10":{"loc":{"start":{"line":127,"column":8},"end":{"line":130,"column":9}},"type":"if","locations":[{"start":{"line":127,"column":8},"end":{"line":130,"column":9}},{"start":{},"end":{}}],"line":127}},"s":{"0":4,"1":4,"2":4,"3":4,"4":4,"5":4,"6":4,"7":4,"8":4,"9":4,"10":4,"11":3,"12":3,"13":2,"14":3,"15":2,"16":1,"17":1,"18":4,"19":4,"20":4,"21":4,"22":1,"23":1,"24":1,"25":3,"26":3,"27":3,"28":3,"29":1,"30":3,"31":2,"32":3,"33":3,"34":0,"35":0,"36":0,"37":3,"38":2,"39":4,"40":3,"41":2,"42":4,"43":4,"44":4,"45":2,"46":2,"47":2,"48":2,"49":1,"50":4,"51":2,"52":1,"53":4},"f":{"0":3,"1":3,"2":4,"3":1,"4":0,"5":3,"6":4,"7":2,"8":2},"b":{"0":[2,1],"1":[4,0],"2":[1,3],"3":[3,1],"4":[3,2],"5":[3,3],"6":[3,0],"7":[1,2],"8":[2,1],"9":[0,3],"10":[2,2]},"_coverageSchema":"1a1c01bbd47fc00a2c39e90264f33305004495a9","hash":"f1615763c00742e0d10d61287bc4beaa734dd718"}
,"/Users/bri/Desktop/rithm/9-20/express-jobly/routes/jobs.js": {"path":"/Users/bri/Desktop/rithm/9-20/express-jobly/routes/jobs.js","statementMap":{"0":{"start":{"line":5,"column":19},"end":{"line":5,"column":40}},"1":{"start":{"line":6,"column":16},"end":{"line":6,"column":34}},"2":{"start":{"line":8,"column":28},"end":{"line":8,"column":54}},"3":{"start":{"line":9,"column":36},"end":{"line":9,"column":65}},"4":{"start":{"line":10,"column":12},"end":{"line":10,"column":36}},"5":{"start":{"line":11,"column":25},"end":{"line":11,"column":64}},"6":{"start":{"line":12,"column":22},"end":{"line":12,"column":58}},"7":{"start":{"line":13,"column":22},"end":{"line":13,"column":58}},"8":{"start":{"line":16,"column":15},"end":{"line":16,"column":35}},"9":{"start":{"line":27,"column":0},"end":{"line":38,"column":3}},"10":{"start":{"line":28,"column":22},"end":{"line":30,"column":6}},"11":{"start":{"line":31,"column":4},"end":{"line":34,"column":5}},"12":{"start":{"line":32,"column":21},"end":{"line":32,"column":57}},"13":{"start":{"line":32,"column":49},"end":{"line":32,"column":56}},"14":{"start":{"line":33,"column":8},"end":{"line":33,"column":40}},"15":{"start":{"line":36,"column":16},"end":{"line":36,"column":42}},"16":{"start":{"line":37,"column":4},"end":{"line":37,"column":41}},"17":{"start":{"line":51,"column":0},"end":{"line":54,"column":3}},"18":{"start":{"line":52,"column":17},"end":{"line":52,"column":36}},"19":{"start":{"line":53,"column":4},"end":{"line":53,"column":30}},"20":{"start":{"line":64,"column":0},"end":{"line":67,"column":3}},"21":{"start":{"line":65,"column":16},"end":{"line":65,"column":44}},"22":{"start":{"line":66,"column":4},"end":{"line":66,"column":29}},"23":{"start":{"line":80,"column":0},"end":{"line":91,"column":3}},"24":{"start":{"line":81,"column":22},"end":{"line":83,"column":6}},"25":{"start":{"line":84,"column":4},"end":{"line":87,"column":5}},"26":{"start":{"line":85,"column":21},"end":{"line":85,"column":57}},"27":{"start":{"line":85,"column":49},"end":{"line":85,"column":56}},"28":{"start":{"line":86,"column":8},"end":{"line":86,"column":40}},"29":{"start":{"line":89,"column":16},"end":{"line":89,"column":57}},"30":{"start":{"line":90,"column":4},"end":{"line":90,"column":29}},"31":{"start":{"line":98,"column":0},"end":{"line":101,"column":3}},"32":{"start":{"line":99,"column":4},"end":{"line":99,"column":36}},"33":{"start":{"line":100,"column":4},"end":{"line":100,"column":48}},"34":{"start":{"line":103,"column":0},"end":{"line":103,"column":24}}},"fnMap":{"0":{"name":"(anonymous_0)","decl":{"start":{"line":27,"column":42},"end":{"line":27,"column":43}},"loc":{"start":{"line":27,"column":74},"end":{"line":38,"column":1}},"line":27},"1":{"name":"(anonymous_1)","decl":{"start":{"line":32,"column":42},"end":{"line":32,"column":43}},"loc":{"start":{"line":32,"column":49},"end":{"line":32,"column":56}},"line":32},"2":{"name":"(anonymous_2)","decl":{"start":{"line":51,"column":16},"end":{"line":51,"column":17}},"loc":{"start":{"line":51,"column":48},"end":{"line":54,"column":1}},"line":51},"3":{"name":"(anonymous_3)","decl":{"start":{"line":64,"column":19},"end":{"line":64,"column":20}},"loc":{"start":{"line":64,"column":51},"end":{"line":67,"column":1}},"line":64},"4":{"name":"(anonymous_4)","decl":{"start":{"line":80,"column":46},"end":{"line":80,"column":47}},"loc":{"start":{"line":80,"column":78},"end":{"line":91,"column":1}},"line":80},"5":{"name":"(anonymous_5)","decl":{"start":{"line":85,"column":42},"end":{"line":85,"column":43}},"loc":{"start":{"line":85,"column":49},"end":{"line":85,"column":56}},"line":85},"6":{"name":"(anonymous_6)","decl":{"start":{"line":98,"column":47},"end":{"line":98,"column":48}},"loc":{"start":{"line":98,"column":79},"end":{"line":101,"column":1}},"line":98}},"branchMap":{"0":{"loc":{"start":{"line":31,"column":4},"end":{"line":34,"column":5}},"type":"if","locations":[{"start":{"line":31,"column":4},"end":{"line":34,"column":5}},{"start":{},"end":{}}],"line":31},"1":{"loc":{"start":{"line":84,"column":4},"end":{"line":87,"column":5}},"type":"if","locations":[{"start":{"line":84,"column":4},"end":{"line":87,"column":5}},{"start":{},"end":{}}],"line":84}},"s":{"0":4,"1":4,"2":4,"3":4,"4":4,"5":4,"6":4,"7":4,"8":4,"9":4,"10":0,"11":0,"12":0,"13":0,"14":0,"15":0,"16":0,"17":4,"18":0,"19":0,"20":4,"21":0,"22":0,"23":4,"24":0,"25":0,"26":0,"27":0,"28":0,"29":0,"30":0,"31":4,"32":0,"33":0,"34":4},"f":{"0":0,"1":0,"2":0,"3":0,"4":0,"5":0,"6":0},"b":{"0":[0,0],"1":[0,0]},"_coverageSchema":"1a1c01bbd47fc00a2c39e90264f33305004495a9","hash":"bd8ff2954a978e3cec0a2b2d6e9a867694674710"}
,"/Users/bri/Desktop/rithm/9-20/express-jobly/routes/users.js": {"path":"/Users/bri/Desktop/rithm/9-20/express-jobly/routes/users.js","statementMap":{"0":{"start":{"line":5,"column":19},"end":{"line":5,"column":40}},"1":{"start":{"line":7,"column":16},"end":{"line":7,"column":34}},"2":{"start":{"line":8,"column":51},"end":{"line":8,"column":80}},"3":{"start":{"line":9,"column":28},"end":{"line":9,"column":54}},"4":{"start":{"line":10,"column":13},"end":{"line":10,"column":38}},"5":{"start":{"line":11,"column":24},"end":{"line":11,"column":52}},"6":{"start":{"line":12,"column":22},"end":{"line":12,"column":56}},"7":{"start":{"line":13,"column":25},"end":{"line":13,"column":62}},"8":{"start":{"line":15,"column":15},"end":{"line":15,"column":31}},"9":{"start":{"line":32,"column":0},"end":{"line":46,"column":3}},"10":{"start":{"line":33,"column":20},"end":{"line":37,"column":3}},"11":{"start":{"line":38,"column":2},"end":{"line":41,"column":3}},"12":{"start":{"line":39,"column":17},"end":{"line":39,"column":51}},"13":{"start":{"line":39,"column":43},"end":{"line":39,"column":50}},"14":{"start":{"line":40,"column":4},"end":{"line":40,"column":36}},"15":{"start":{"line":43,"column":15},"end":{"line":43,"column":44}},"16":{"start":{"line":44,"column":16},"end":{"line":44,"column":33}},"17":{"start":{"line":45,"column":2},"end":{"line":45,"column":47}},"18":{"start":{"line":56,"column":0},"end":{"line":59,"column":3}},"19":{"start":{"line":57,"column":16},"end":{"line":57,"column":36}},"20":{"start":{"line":58,"column":2},"end":{"line":58,"column":29}},"21":{"start":{"line":70,"column":0},"end":{"line":73,"column":3}},"22":{"start":{"line":71,"column":15},"end":{"line":71,"column":50}},"23":{"start":{"line":72,"column":2},"end":{"line":72,"column":28}},"24":{"start":{"line":86,"column":0},"end":{"line":99,"column":3}},"25":{"start":{"line":87,"column":20},"end":{"line":91,"column":3}},"26":{"start":{"line":92,"column":2},"end":{"line":95,"column":3}},"27":{"start":{"line":93,"column":17},"end":{"line":93,"column":51}},"28":{"start":{"line":93,"column":43},"end":{"line":93,"column":50}},"29":{"start":{"line":94,"column":4},"end":{"line":94,"column":36}},"30":{"start":{"line":97,"column":15},"end":{"line":97,"column":63}},"31":{"start":{"line":98,"column":2},"end":{"line":98,"column":28}},"32":{"start":{"line":107,"column":0},"end":{"line":110,"column":3}},"33":{"start":{"line":108,"column":2},"end":{"line":108,"column":41}},"34":{"start":{"line":109,"column":2},"end":{"line":109,"column":52}},"35":{"start":{"line":113,"column":0},"end":{"line":113,"column":24}}},"fnMap":{"0":{"name":"(anonymous_0)","decl":{"start":{"line":32,"column":42},"end":{"line":32,"column":43}},"loc":{"start":{"line":32,"column":74},"end":{"line":46,"column":1}},"line":32},"1":{"name":"(anonymous_1)","decl":{"start":{"line":39,"column":38},"end":{"line":39,"column":39}},"loc":{"start":{"line":39,"column":43},"end":{"line":39,"column":50}},"line":39},"2":{"name":"(anonymous_2)","decl":{"start":{"line":56,"column":41},"end":{"line":56,"column":42}},"loc":{"start":{"line":56,"column":73},"end":{"line":59,"column":1}},"line":56},"3":{"name":"(anonymous_3)","decl":{"start":{"line":70,"column":56},"end":{"line":70,"column":57}},"loc":{"start":{"line":70,"column":88},"end":{"line":73,"column":1}},"line":70},"4":{"name":"(anonymous_4)","decl":{"start":{"line":86,"column":58},"end":{"line":86,"column":59}},"loc":{"start":{"line":86,"column":90},"end":{"line":99,"column":1}},"line":86},"5":{"name":"(anonymous_5)","decl":{"start":{"line":93,"column":38},"end":{"line":93,"column":39}},"loc":{"start":{"line":93,"column":43},"end":{"line":93,"column":50}},"line":93},"6":{"name":"(anonymous_6)","decl":{"start":{"line":107,"column":59},"end":{"line":107,"column":60}},"loc":{"start":{"line":107,"column":91},"end":{"line":110,"column":1}},"line":107}},"branchMap":{"0":{"loc":{"start":{"line":38,"column":2},"end":{"line":41,"column":3}},"type":"if","locations":[{"start":{"line":38,"column":2},"end":{"line":41,"column":3}},{"start":{},"end":{}}],"line":38},"1":{"loc":{"start":{"line":92,"column":2},"end":{"line":95,"column":3}},"type":"if","locations":[{"start":{"line":92,"column":2},"end":{"line":95,"column":3}},{"start":{},"end":{}}],"line":92}},"s":{"0":4,"1":4,"2":4,"3":4,"4":4,"5":4,"6":4,"7":4,"8":4,"9":4,"10":4,"11":4,"12":2,"13":5,"14":2,"15":2,"16":2,"17":2,"18":4,"19":1,"20":1,"21":4,"22":3,"23":2,"24":4,"25":5,"26":5,"27":1,"28":1,"29":1,"30":4,"31":3,"32":4,"33":3,"34":2,"35":4},"f":{"0":4,"1":5,"2":1,"3":3,"4":5,"5":1,"6":3},"b":{"0":[2,2],"1":[1,4]},"_coverageSchema":"1a1c01bbd47fc00a2c39e90264f33305004495a9","hash":"2118721c9c2d6bf28731b2f10f4ae90a82fd0b65"}
}
