{"/Users/bri/Desktop/rithm/9-20/express-jobly/routes/_testCommon.js": {"path":"/Users/bri/Desktop/rithm/9-20/express-jobly/routes/_testCommon.js","statementMap":{"0":{"start":{"line":3,"column":11},"end":{"line":3,"column":30}},"1":{"start":{"line":4,"column":13},"end":{"line":4,"column":38}},"2":{"start":{"line":5,"column":16},"end":{"line":5,"column":44}},"3":{"start":{"line":6,"column":24},"end":{"line":6,"column":52}},"4":{"start":{"line":10,"column":4},"end":{"line":10,"column":40}},"5":{"start":{"line":12,"column":4},"end":{"line":12,"column":44}},"6":{"start":{"line":14,"column":4},"end":{"line":20,"column":7}},"7":{"start":{"line":21,"column":4},"end":{"line":27,"column":7}},"8":{"start":{"line":28,"column":4},"end":{"line":34,"column":7}},"9":{"start":{"line":36,"column":4},"end":{"line":43,"column":7}},"10":{"start":{"line":44,"column":4},"end":{"line":51,"column":7}},"11":{"start":{"line":52,"column":4},"end":{"line":59,"column":7}},"12":{"start":{"line":63,"column":4},"end":{"line":63,"column":28}},"13":{"start":{"line":67,"column":4},"end":{"line":67,"column":31}},"14":{"start":{"line":71,"column":4},"end":{"line":71,"column":19}},"15":{"start":{"line":74,"column":16},"end":{"line":74,"column":63}},"16":{"start":{"line":75,"column":16},"end":{"line":75,"column":62}},"17":{"start":{"line":77,"column":0},"end":{"line":84,"column":2}}},"fnMap":{"0":{"name":"commonBeforeAll","decl":{"start":{"line":8,"column":15},"end":{"line":8,"column":30}},"loc":{"start":{"line":8,"column":33},"end":{"line":60,"column":1}},"line":8},"1":{"name":"commonBeforeEach","decl":{"start":{"line":62,"column":15},"end":{"line":62,"column":31}},"loc":{"start":{"line":62,"column":34},"end":{"line":64,"column":1}},"line":62},"2":{"name":"commonAfterEach","decl":{"start":{"line":66,"column":15},"end":{"line":66,"column":30}},"loc":{"start":{"line":66,"column":33},"end":{"line":68,"column":1}},"line":66},"3":{"name":"commonAfterAll","decl":{"start":{"line":70,"column":15},"end":{"line":70,"column":29}},"loc":{"start":{"line":70,"column":32},"end":{"line":72,"column":1}},"line":70}},"branchMap":{},"s":{"0":1,"1":1,"2":1,"3":1,"4":1,"5":1,"6":1,"7":1,"8":1,"9":1,"10":1,"11":1,"12":23,"13":23,"14":1,"15":1,"16":1,"17":1},"f":{"0":1,"1":23,"2":23,"3":1},"b":{},"_coverageSchema":"1a1c01bbd47fc00a2c39e90264f33305004495a9","hash":"5cca1c6f72fe0b61d4727e7b8e1dd41aac2c790c"}
,"/Users/bri/Desktop/rithm/9-20/express-jobly/routes/auth.js": {"path":"/Users/bri/Desktop/rithm/9-20/express-jobly/routes/auth.js","statementMap":{"0":{"start":{"line":5,"column":19},"end":{"line":5,"column":40}},"1":{"start":{"line":7,"column":13},"end":{"line":7,"column":38}},"2":{"start":{"line":8,"column":16},"end":{"line":8,"column":34}},"3":{"start":{"line":9,"column":15},"end":{"line":9,"column":35}},"4":{"start":{"line":10,"column":24},"end":{"line":10,"column":52}},"5":{"start":{"line":11,"column":23},"end":{"line":11,"column":58}},"6":{"start":{"line":12,"column":27},"end":{"line":12,"column":66}},"7":{"start":{"line":13,"column":28},"end":{"line":13,"column":54}},"8":{"start":{"line":22,"column":0},"end":{"line":37,"column":3}},"9":{"start":{"line":23,"column":20},"end":{"line":27,"column":3}},"10":{"start":{"line":28,"column":2},"end":{"line":31,"column":3}},"11":{"start":{"line":29,"column":17},"end":{"line":29,"column":51}},"12":{"start":{"line":29,"column":43},"end":{"line":29,"column":50}},"13":{"start":{"line":30,"column":4},"end":{"line":30,"column":36}},"14":{"start":{"line":33,"column":33},"end":{"line":33,"column":41}},"15":{"start":{"line":34,"column":15},"end":{"line":34,"column":58}},"16":{"start":{"line":35,"column":16},"end":{"line":35,"column":33}},"17":{"start":{"line":36,"column":2},"end":{"line":36,"column":29}},"18":{"start":{"line":49,"column":0},"end":{"line":63,"column":3}},"19":{"start":{"line":50,"column":20},"end":{"line":54,"column":3}},"20":{"start":{"line":55,"column":2},"end":{"line":58,"column":3}},"21":{"start":{"line":56,"column":17},"end":{"line":56,"column":51}},"22":{"start":{"line":56,"column":43},"end":{"line":56,"column":50}},"23":{"start":{"line":57,"column":4},"end":{"line":57,"column":36}},"24":{"start":{"line":60,"column":18},"end":{"line":60,"column":70}},"25":{"start":{"line":61,"column":16},"end":{"line":61,"column":36}},"26":{"start":{"line":62,"column":2},"end":{"line":62,"column":41}},"27":{"start":{"line":66,"column":0},"end":{"line":66,"column":24}}},"fnMap":{"0":{"name":"(anonymous_0)","decl":{"start":{"line":22,"column":22},"end":{"line":22,"column":23}},"loc":{"start":{"line":22,"column":54},"end":{"line":37,"column":1}},"line":22},"1":{"name":"(anonymous_1)","decl":{"start":{"line":29,"column":38},"end":{"line":29,"column":39}},"loc":{"start":{"line":29,"column":43},"end":{"line":29,"column":50}},"line":29},"2":{"name":"(anonymous_2)","decl":{"start":{"line":49,"column":25},"end":{"line":49,"column":26}},"loc":{"start":{"line":49,"column":57},"end":{"line":63,"column":1}},"line":49},"3":{"name":"(anonymous_3)","decl":{"start":{"line":56,"column":38},"end":{"line":56,"column":39}},"loc":{"start":{"line":56,"column":43},"end":{"line":56,"column":50}},"line":56}},"branchMap":{"0":{"loc":{"start":{"line":28,"column":2},"end":{"line":31,"column":3}},"type":"if","locations":[{"start":{"line":28,"column":2},"end":{"line":31,"column":3}},{"start":{},"end":{}}],"line":28},"1":{"loc":{"start":{"line":55,"column":2},"end":{"line":58,"column":3}},"type":"if","locations":[{"start":{"line":55,"column":2},"end":{"line":58,"column":3}},{"start":{},"end":{}}],"line":55}},"s":{"0":1,"1":1,"2":1,"3":1,"4":1,"5":1,"6":1,"7":1,"8":1,"9":0,"10":0,"11":0,"12":0,"13":0,"14":0,"15":0,"16":0,"17":0,"18":1,"19":0,"20":0,"21":0,"22":0,"23":0,"24":0,"25":0,"26":0,"27":1},"f":{"0":0,"1":0,"2":0,"3":0},"b":{"0":[0,0],"1":[0,0]},"_coverageSchema":"1a1c01bbd47fc00a2c39e90264f33305004495a9","hash":"9f22476378ee0456edadee5aa1a66c81e0d4a221"}
,"/Users/bri/Desktop/rithm/9-20/express-jobly/routes/companies.js": {"path":"/Users/bri/Desktop/rithm/9-20/express-jobly/routes/companies.js","statementMap":{"0":{"start":{"line":5,"column":19},"end":{"line":5,"column":40}},"1":{"start":{"line":6,"column":16},"end":{"line":6,"column":34}},"2":{"start":{"line":8,"column":28},"end":{"line":8,"column":54}},"3":{"start":{"line":9,"column":36},"end":{"line":9,"column":65}},"4":{"start":{"line":10,"column":16},"end":{"line":10,"column":44}},"5":{"start":{"line":12,"column":22},"end":{"line":12,"column":62}},"6":{"start":{"line":13,"column":25},"end":{"line":13,"column":62}},"7":{"start":{"line":14,"column":28},"end":{"line":14,"column":68}},"8":{"start":{"line":17,"column":15},"end":{"line":17,"column":35}},"9":{"start":{"line":28,"column":0},"end":{"line":39,"column":3}},"10":{"start":{"line":29,"column":22},"end":{"line":31,"column":6}},"11":{"start":{"line":32,"column":4},"end":{"line":35,"column":5}},"12":{"start":{"line":33,"column":21},"end":{"line":33,"column":57}},"13":{"start":{"line":33,"column":49},"end":{"line":33,"column":56}},"14":{"start":{"line":34,"column":8},"end":{"line":34,"column":40}},"15":{"start":{"line":37,"column":20},"end":{"line":37,"column":50}},"16":{"start":{"line":38,"column":4},"end":{"line":38,"column":45}},"17":{"start":{"line":52,"column":0},"end":{"line":94,"column":3}},"18":{"start":{"line":54,"column":4},"end":{"line":89,"column":5}},"19":{"start":{"line":56,"column":8},"end":{"line":60,"column":10}},"20":{"start":{"line":62,"column":8},"end":{"line":64,"column":9}},"21":{"start":{"line":63,"column":12},"end":{"line":63,"column":37}},"22":{"start":{"line":65,"column":8},"end":{"line":67,"column":9}},"23":{"start":{"line":66,"column":12},"end":{"line":66,"column":41}},"24":{"start":{"line":68,"column":8},"end":{"line":70,"column":9}},"25":{"start":{"line":69,"column":12},"end":{"line":69,"column":41}},"26":{"start":{"line":73,"column":8},"end":{"line":79,"column":9}},"27":{"start":{"line":74,"column":12},"end":{"line":78,"column":13}},"28":{"start":{"line":75,"column":16},"end":{"line":77,"column":18}},"29":{"start":{"line":81,"column":23},"end":{"line":83,"column":10}},"30":{"start":{"line":85,"column":8},"end":{"line":88,"column":9}},"31":{"start":{"line":86,"column":25},"end":{"line":86,"column":62}},"32":{"start":{"line":86,"column":52},"end":{"line":86,"column":61}},"33":{"start":{"line":87,"column":12},"end":{"line":87,"column":44}},"34":{"start":{"line":91,"column":22},"end":{"line":91,"column":53}},"35":{"start":{"line":93,"column":4},"end":{"line":93,"column":35}},"36":{"start":{"line":104,"column":0},"end":{"line":107,"column":3}},"37":{"start":{"line":105,"column":20},"end":{"line":105,"column":56}},"38":{"start":{"line":106,"column":4},"end":{"line":106,"column":33}},"39":{"start":{"line":120,"column":0},"end":{"line":136,"column":2}},"40":{"start":{"line":125,"column":26},"end":{"line":127,"column":10}},"41":{"start":{"line":128,"column":8},"end":{"line":131,"column":9}},"42":{"start":{"line":129,"column":25},"end":{"line":129,"column":61}},"43":{"start":{"line":129,"column":53},"end":{"line":129,"column":60}},"44":{"start":{"line":130,"column":12},"end":{"line":130,"column":44}},"45":{"start":{"line":133,"column":24},"end":{"line":133,"column":73}},"46":{"start":{"line":134,"column":8},"end":{"line":134,"column":37}},"47":{"start":{"line":143,"column":0},"end":{"line":151,"column":2}},"48":{"start":{"line":148,"column":8},"end":{"line":148,"column":48}},"49":{"start":{"line":149,"column":8},"end":{"line":149,"column":56}},"50":{"start":{"line":153,"column":0},"end":{"line":153,"column":24}}},"fnMap":{"0":{"name":"(anonymous_0)","decl":{"start":{"line":28,"column":42},"end":{"line":28,"column":43}},"loc":{"start":{"line":28,"column":74},"end":{"line":39,"column":1}},"line":28},"1":{"name":"(anonymous_1)","decl":{"start":{"line":33,"column":42},"end":{"line":33,"column":43}},"loc":{"start":{"line":33,"column":49},"end":{"line":33,"column":56}},"line":33},"2":{"name":"(anonymous_2)","decl":{"start":{"line":52,"column":16},"end":{"line":52,"column":17}},"loc":{"start":{"line":52,"column":48},"end":{"line":94,"column":1}},"line":52},"3":{"name":"(anonymous_3)","decl":{"start":{"line":86,"column":43},"end":{"line":86,"column":44}},"loc":{"start":{"line":86,"column":52},"end":{"line":86,"column":61}},"line":86},"4":{"name":"(anonymous_4)","decl":{"start":{"line":104,"column":23},"end":{"line":104,"column":24}},"loc":{"start":{"line":104,"column":55},"end":{"line":107,"column":1}},"line":104},"5":{"name":"(anonymous_5)","decl":{"start":{"line":124,"column":4},"end":{"line":124,"column":5}},"loc":{"start":{"line":124,"column":36},"end":{"line":135,"column":5}},"line":124},"6":{"name":"(anonymous_6)","decl":{"start":{"line":129,"column":46},"end":{"line":129,"column":47}},"loc":{"start":{"line":129,"column":53},"end":{"line":129,"column":60}},"line":129},"7":{"name":"(anonymous_7)","decl":{"start":{"line":147,"column":4},"end":{"line":147,"column":5}},"loc":{"start":{"line":147,"column":36},"end":{"line":150,"column":5}},"line":147}},"branchMap":{"0":{"loc":{"start":{"line":32,"column":4},"end":{"line":35,"column":5}},"type":"if","locations":[{"start":{"line":32,"column":4},"end":{"line":35,"column":5}},{"start":{},"end":{}}],"line":32},"1":{"loc":{"start":{"line":54,"column":4},"end":{"line":89,"column":5}},"type":"if","locations":[{"start":{"line":54,"column":4},"end":{"line":89,"column":5}},{"start":{},"end":{}}],"line":54},"2":{"loc":{"start":{"line":57,"column":26},"end":{"line":57,"column":65}},"type":"binary-expr","locations":[{"start":{"line":57,"column":26},"end":{"line":57,"column":57}},{"start":{"line":57,"column":61},"end":{"line":57,"column":65}}],"line":57},"3":{"loc":{"start":{"line":58,"column":26},"end":{"line":58,"column":65}},"type":"binary-expr","locations":[{"start":{"line":58,"column":26},"end":{"line":58,"column":57}},{"start":{"line":58,"column":61},"end":{"line":58,"column":65}}],"line":58},"4":{"loc":{"start":{"line":59,"column":22},"end":{"line":59,"column":49}},"type":"binary-expr","locations":[{"start":{"line":59,"column":22},"end":{"line":59,"column":41}},{"start":{"line":59,"column":45},"end":{"line":59,"column":49}}],"line":59},"5":{"loc":{"start":{"line":62,"column":8},"end":{"line":64,"column":9}},"type":"if","locations":[{"start":{"line":62,"column":8},"end":{"line":64,"column":9}},{"start":{},"end":{}}],"line":62},"6":{"loc":{"start":{"line":65,"column":8},"end":{"line":67,"column":9}},"type":"if","locations":[{"start":{"line":65,"column":8},"end":{"line":67,"column":9}},{"start":{},"end":{}}],"line":65},"7":{"loc":{"start":{"line":68,"column":8},"end":{"line":70,"column":9}},"type":"if","locations":[{"start":{"line":68,"column":8},"end":{"line":70,"column":9}},{"start":{},"end":{}}],"line":68},"8":{"loc":{"start":{"line":73,"column":8},"end":{"line":79,"column":9}},"type":"if","locations":[{"start":{"line":73,"column":8},"end":{"line":79,"column":9}},{"start":{},"end":{}}],"line":73},"9":{"loc":{"start":{"line":73,"column":12},"end":{"line":73,"column":60}},"type":"binary-expr","locations":[{"start":{"line":73,"column":12},"end":{"line":73,"column":34}},{"start":{"line":73,"column":38},"end":{"line":73,"column":60}}],"line":73},"10":{"loc":{"start":{"line":74,"column":12},"end":{"line":78,"column":13}},"type":"if","locations":[{"start":{"line":74,"column":12},"end":{"line":78,"column":13}},{"start":{},"end":{}}],"line":74},"11":{"loc":{"start":{"line":85,"column":8},"end":{"line":88,"column":9}},"type":"if","locations":[{"start":{"line":85,"column":8},"end":{"line":88,"column":9}},{"start":{},"end":{}}],"line":85},"12":{"loc":{"start":{"line":128,"column":8},"end":{"line":131,"column":9}},"type":"if","locations":[{"start":{"line":128,"column":8},"end":{"line":131,"column":9}},{"start":{},"end":{}}],"line":128}},"s":{"0":1,"1":1,"2":1,"3":1,"4":1,"5":1,"6":1,"7":1,"8":1,"9":1,"10":0,"11":0,"12":0,"13":0,"14":0,"15":0,"16":0,"17":1,"18":0,"19":0,"20":0,"21":0,"22":0,"23":0,"24":0,"25":0,"26":0,"27":0,"28":0,"29":0,"30":0,"31":0,"32":0,"33":0,"34":0,"35":0,"36":1,"37":0,"38":0,"39":1,"40":0,"41":0,"42":0,"43":0,"44":0,"45":0,"46":0,"47":1,"48":0,"49":0,"50":1},"f":{"0":0,"1":0,"2":0,"3":0,"4":0,"5":0,"6":0,"7":0},"b":{"0":[0,0],"1":[0,0],"2":[0,0],"3":[0,0],"4":[0,0],"5":[0,0],"6":[0,0],"7":[0,0],"8":[0,0],"9":[0,0],"10":[0,0],"11":[0,0],"12":[0,0]},"_coverageSchema":"1a1c01bbd47fc00a2c39e90264f33305004495a9","hash":"500e197047fe05c3c59d4b9938081777556f52b2"}
,"/Users/bri/Desktop/rithm/9-20/express-jobly/routes/users.js": {"path":"/Users/bri/Desktop/rithm/9-20/express-jobly/routes/users.js","statementMap":{"0":{"start":{"line":5,"column":19},"end":{"line":5,"column":40}},"1":{"start":{"line":7,"column":16},"end":{"line":7,"column":34}},"2":{"start":{"line":8,"column":51},"end":{"line":8,"column":80}},"3":{"start":{"line":9,"column":28},"end":{"line":9,"column":54}},"4":{"start":{"line":10,"column":13},"end":{"line":10,"column":38}},"5":{"start":{"line":11,"column":24},"end":{"line":11,"column":52}},"6":{"start":{"line":12,"column":22},"end":{"line":12,"column":56}},"7":{"start":{"line":13,"column":25},"end":{"line":13,"column":62}},"8":{"start":{"line":15,"column":15},"end":{"line":15,"column":31}},"9":{"start":{"line":30,"column":0},"end":{"line":44,"column":3}},"10":{"start":{"line":31,"column":20},"end":{"line":35,"column":3}},"11":{"start":{"line":36,"column":2},"end":{"line":39,"column":3}},"12":{"start":{"line":37,"column":17},"end":{"line":37,"column":51}},"13":{"start":{"line":37,"column":43},"end":{"line":37,"column":50}},"14":{"start":{"line":38,"column":4},"end":{"line":38,"column":36}},"15":{"start":{"line":41,"column":15},"end":{"line":41,"column":44}},"16":{"start":{"line":42,"column":16},"end":{"line":42,"column":33}},"17":{"start":{"line":43,"column":2},"end":{"line":43,"column":47}},"18":{"start":{"line":54,"column":0},"end":{"line":57,"column":3}},"19":{"start":{"line":55,"column":16},"end":{"line":55,"column":36}},"20":{"start":{"line":56,"column":2},"end":{"line":56,"column":29}},"21":{"start":{"line":67,"column":0},"end":{"line":70,"column":3}},"22":{"start":{"line":68,"column":15},"end":{"line":68,"column":50}},"23":{"start":{"line":69,"column":2},"end":{"line":69,"column":28}},"24":{"start":{"line":83,"column":0},"end":{"line":96,"column":3}},"25":{"start":{"line":84,"column":20},"end":{"line":88,"column":3}},"26":{"start":{"line":89,"column":2},"end":{"line":92,"column":3}},"27":{"start":{"line":90,"column":17},"end":{"line":90,"column":51}},"28":{"start":{"line":90,"column":43},"end":{"line":90,"column":50}},"29":{"start":{"line":91,"column":4},"end":{"line":91,"column":36}},"30":{"start":{"line":94,"column":15},"end":{"line":94,"column":63}},"31":{"start":{"line":95,"column":2},"end":{"line":95,"column":28}},"32":{"start":{"line":104,"column":0},"end":{"line":107,"column":3}},"33":{"start":{"line":105,"column":2},"end":{"line":105,"column":41}},"34":{"start":{"line":106,"column":2},"end":{"line":106,"column":52}},"35":{"start":{"line":110,"column":0},"end":{"line":110,"column":24}}},"fnMap":{"0":{"name":"(anonymous_0)","decl":{"start":{"line":30,"column":42},"end":{"line":30,"column":43}},"loc":{"start":{"line":30,"column":74},"end":{"line":44,"column":1}},"line":30},"1":{"name":"(anonymous_1)","decl":{"start":{"line":37,"column":38},"end":{"line":37,"column":39}},"loc":{"start":{"line":37,"column":43},"end":{"line":37,"column":50}},"line":37},"2":{"name":"(anonymous_2)","decl":{"start":{"line":54,"column":41},"end":{"line":54,"column":42}},"loc":{"start":{"line":54,"column":73},"end":{"line":57,"column":1}},"line":54},"3":{"name":"(anonymous_3)","decl":{"start":{"line":67,"column":56},"end":{"line":67,"column":57}},"loc":{"start":{"line":67,"column":88},"end":{"line":70,"column":1}},"line":67},"4":{"name":"(anonymous_4)","decl":{"start":{"line":83,"column":58},"end":{"line":83,"column":59}},"loc":{"start":{"line":83,"column":90},"end":{"line":96,"column":1}},"line":83},"5":{"name":"(anonymous_5)","decl":{"start":{"line":90,"column":38},"end":{"line":90,"column":39}},"loc":{"start":{"line":90,"column":43},"end":{"line":90,"column":50}},"line":90},"6":{"name":"(anonymous_6)","decl":{"start":{"line":104,"column":59},"end":{"line":104,"column":60}},"loc":{"start":{"line":104,"column":91},"end":{"line":107,"column":1}},"line":104}},"branchMap":{"0":{"loc":{"start":{"line":36,"column":2},"end":{"line":39,"column":3}},"type":"if","locations":[{"start":{"line":36,"column":2},"end":{"line":39,"column":3}},{"start":{},"end":{}}],"line":36},"1":{"loc":{"start":{"line":89,"column":2},"end":{"line":92,"column":3}},"type":"if","locations":[{"start":{"line":89,"column":2},"end":{"line":92,"column":3}},{"start":{},"end":{}}],"line":89}},"s":{"0":1,"1":1,"2":1,"3":1,"4":1,"5":1,"6":1,"7":1,"8":1,"9":1,"10":4,"11":4,"12":2,"13":5,"14":2,"15":2,"16":2,"17":2,"18":1,"19":1,"20":1,"21":1,"22":3,"23":2,"24":1,"25":5,"26":5,"27":1,"28":1,"29":1,"30":4,"31":3,"32":1,"33":1,"34":1,"35":1},"f":{"0":4,"1":5,"2":1,"3":3,"4":5,"5":1,"6":1},"b":{"0":[2,2],"1":[1,4]},"_coverageSchema":"1a1c01bbd47fc00a2c39e90264f33305004495a9","hash":"3bf05cf7aa8d31b8c8dd855969d22d97417cd99f"}
}
