TN:
SF:_testCommon.js
FN:8,commonBeforeAll
FN:62,commonBeforeEach
FN:66,commonAfterEach
FN:70,commonAfterAll
FNF:4
FNH:4
FNDA:3,commonBeforeAll
FNDA:53,commonBeforeEach
FNDA:53,commonAfterEach
FNDA:3,commonAfterAll
DA:3,3
DA:4,3
DA:5,3
DA:6,3
DA:10,3
DA:12,3
DA:14,3
DA:21,3
DA:28,3
DA:36,3
DA:44,3
DA:52,3
DA:63,53
DA:67,53
DA:71,3
DA:74,3
DA:75,3
DA:77,3
LF:18
LH:18
BRF:0
BRH:0
end_of_record
TN:
SF:auth.js
FN:22,(anonymous_0)
FN:29,(anonymous_1)
FN:49,(anonymous_2)
FN:56,(anonymous_3)
FNF:4
FNH:4
FNDA:5,(anonymous_0)
FNDA:2,(anonymous_1)
FNDA:3,(anonymous_2)
FNDA:5,(anonymous_3)
DA:5,4
DA:7,4
DA:8,4
DA:9,4
DA:10,4
DA:11,4
DA:12,4
DA:13,4
DA:22,4
DA:23,5
DA:28,5
DA:29,2
DA:30,2
DA:33,3
DA:34,3
DA:35,1
DA:36,1
DA:49,4
DA:50,3
DA:55,3
DA:56,5
DA:57,2
DA:60,1
DA:61,1
DA:62,1
DA:66,4
LF:26
LH:26
BRDA:28,0,0,2
BRDA:28,0,1,3
BRDA:55,1,0,2
BRDA:55,1,1,1
BRF:4
BRH:4
end_of_record
TN:
SF:companies.js
FN:28,(anonymous_0)
FN:33,(anonymous_1)
FN:52,(anonymous_2)
FN:60,(anonymous_3)
FN:85,(anonymous_4)
FN:103,(anonymous_5)
FN:123,(anonymous_6)
FN:128,(anonymous_7)
FN:146,(anonymous_8)
FNF:9
FNH:8
FNDA:3,(anonymous_0)
FNDA:3,(anonymous_1)
FNDA:4,(anonymous_2)
FNDA:1,(anonymous_3)
FNDA:0,(anonymous_4)
FNDA:3,(anonymous_5)
FNDA:4,(anonymous_6)
FNDA:2,(anonymous_7)
FNDA:2,(anonymous_8)
DA:5,4
DA:6,4
DA:8,4
DA:9,4
DA:10,4
DA:12,4
DA:13,4
DA:14,4
DA:15,4
DA:17,4
DA:28,4
DA:29,3
DA:32,3
DA:33,3
DA:34,2
DA:37,1
DA:38,1
DA:52,4
DA:54,4
DA:55,4
DA:59,4
DA:60,1
DA:61,1
DA:64,3
DA:70,3
DA:71,3
DA:73,3
DA:74,1
DA:76,3
DA:77,2
DA:80,3
DA:84,3
DA:85,0
DA:86,0
DA:90,3
DA:92,2
DA:103,4
DA:104,3
DA:105,2
DA:119,4
DA:124,4
DA:127,4
DA:128,2
DA:129,2
DA:132,2
DA:133,1
DA:142,4
DA:147,2
DA:148,1
DA:152,4
LF:50
LH:48
BRDA:32,0,0,2
BRDA:32,0,1,1
BRDA:54,1,0,4
BRDA:54,1,1,0
BRDA:59,2,0,1
BRDA:59,2,1,3
BRDA:65,3,0,3
BRDA:65,3,1,1
BRDA:66,4,0,3
BRDA:66,4,1,2
BRDA:67,5,0,3
BRDA:67,5,1,3
BRDA:70,6,0,3
BRDA:70,6,1,0
BRDA:73,7,0,1
BRDA:73,7,1,2
BRDA:76,8,0,2
BRDA:76,8,1,1
BRDA:84,9,0,0
BRDA:84,9,1,3
BRDA:127,10,0,2
BRDA:127,10,1,2
BRF:22
BRH:19
end_of_record
TN:
SF:users.js
FN:30,(anonymous_0)
FN:37,(anonymous_1)
FN:54,(anonymous_2)
FN:67,(anonymous_3)
FN:83,(anonymous_4)
FN:90,(anonymous_5)
FN:104,(anonymous_6)
FNF:7
FNH:7
FNDA:4,(anonymous_0)
FNDA:5,(anonymous_1)
FNDA:1,(anonymous_2)
FNDA:3,(anonymous_3)
FNDA:5,(anonymous_4)
FNDA:1,(anonymous_5)
FNDA:3,(anonymous_6)
DA:5,4
DA:7,4
DA:8,4
DA:9,4
DA:10,4
DA:11,4
DA:12,4
DA:13,4
DA:15,4
DA:30,4
DA:31,4
DA:36,4
DA:37,5
DA:38,2
DA:41,2
DA:42,2
DA:43,2
DA:54,4
DA:55,1
DA:56,1
DA:67,4
DA:68,3
DA:69,2
DA:83,4
DA:84,5
DA:89,5
DA:90,1
DA:91,1
DA:94,4
DA:95,3
DA:104,4
DA:105,3
DA:106,2
DA:110,4
LF:34
LH:34
BRDA:36,0,0,2
BRDA:36,0,1,2
BRDA:89,1,0,1
BRDA:89,1,1,4
BRF:4
BRH:4
end_of_record
