TN:
SF:app.js
FN:30,(anonymous_0)
FN:35,(anonymous_1)
FNF:2
FNH:2
FNDA:2,(anonymous_0)
FNDA:35,(anonymous_1)
DA:5,4
DA:6,4
DA:8,4
DA:10,4
DA:11,4
DA:12,4
DA:13,4
DA:15,4
DA:17,4
DA:19,4
DA:20,4
DA:21,4
DA:22,4
DA:24,4
DA:25,4
DA:26,4
DA:30,4
DA:31,2
DA:35,4
DA:36,35
DA:39,35
DA:41,35
DA:46,4
LF:23
LH:23
BRDA:36,0,0,1
BRDA:36,0,1,34
BRF:2
BRH:2
end_of_record
TN:
SF:config.js
FN:13,getDatabaseUri
FNF:1
FNH:1
FNDA:10,getDatabaseUri
DA:5,9
DA:6,9
DA:8,9
DA:10,9
DA:14,10
DA:21,9
DA:23,9
DA:24,1
DA:34,9
LF:9
LH:9
BRDA:8,0,0,9
BRDA:8,0,1,8
BRDA:10,1,0,9
BRDA:10,1,1,8
BRDA:14,2,0,7
BRDA:14,2,1,3
BRDA:16,3,0,3
BRDA:16,3,1,1
BRDA:21,4,0,8
BRDA:21,4,1,1
BRDA:23,5,0,1
BRDA:23,5,1,8
BRF:12
BRH:12
end_of_record
TN:
SF:db.js
FN:14,connectDb
FNF:1
FNH:1
FNDA:6,connectDb
DA:5,6
DA:6,6
DA:8,6
DA:10,6
DA:16,6
DA:17,6
DA:18,6
DA:19,6
DA:25,6
DA:27,6
LF:10
LH:10
BRF:0
BRH:0
end_of_record
TN:
SF:expressError.js
FN:10,(anonymous_0)
FN:20,(anonymous_1)
FN:28,(anonymous_2)
FN:36,(anonymous_3)
FN:44,(anonymous_4)
FNF:5
FNH:4
FNDA:53,(anonymous_0)
FNDA:14,(anonymous_1)
FNDA:21,(anonymous_2)
FNDA:18,(anonymous_3)
FNDA:0,(anonymous_4)
DA:11,53
DA:12,53
DA:13,53
DA:21,14
DA:29,21
DA:37,18
DA:45,0
DA:49,8
LF:8
LH:7
BRDA:20,0,0,2
BRDA:28,1,0,17
BRDA:36,2,0,0
BRDA:44,3,0,0
BRF:4
BRH:2
end_of_record
TN:
SF:helpers/sql.js
FN:18,sqlForPartialUpdate
FN:24,(anonymous_1)
FNF:2
FNH:2
FNDA:17,sqlForPartialUpdate
FNDA:27,(anonymous_1)
DA:3,7
DA:19,17
DA:20,17
DA:23,14
DA:24,27
DA:27,14
DA:33,7
LF:7
LH:7
BRDA:20,0,0,3
BRDA:20,0,1,14
BRDA:24,1,0,27
BRDA:24,1,1,11
BRF:4
BRH:4
end_of_record
TN:
SF:helpers/tokens.js
FN:8,createToken
FNF:1
FNH:1
FNDA:13,createToken
DA:3,5
DA:4,5
DA:9,13
DA:14,13
DA:17,5
LF:5
LH:5
BRF:0
BRH:0
end_of_record
TN:
SF:middleware/auth.js
FN:17,authenticateJWT
FN:36,ensureLoggedIn
FN:46,isAdmin
FN:53,isAdminOrUser
FNF:4
FNH:4
FNDA:57,authenticateJWT
FNDA:41,ensureLoggedIn
FNDA:20,isAdmin
FNDA:17,isAdminOrUser
DA:5,5
DA:6,5
DA:7,5
DA:18,57
DA:19,57
DA:20,33
DA:22,33
DA:23,33
DA:28,57
DA:37,41
DA:38,9
DA:47,20
DA:48,5
DA:54,17
DA:55,17
DA:57,17
DA:58,14
DA:61,3
DA:64,5
LF:19
LH:19
BRDA:19,0,0,33
BRDA:19,0,1,24
BRDA:37,1,0,32
BRDA:37,1,1,9
BRDA:47,2,0,15
BRDA:47,2,1,5
BRDA:57,3,0,14
BRDA:57,3,1,3
BRDA:57,4,0,17
BRDA:57,4,1,17
BRDA:57,4,2,10
BRF:11
BRH:11
end_of_record
TN:
SF:models/_testCommon.js
FN:8,commonBeforeAll
FN:34,commonBeforeEach
FN:38,commonAfterEach
FN:42,commonAfterAll
FNF:4
FNH:4
FNDA:2,commonBeforeAll
FNDA:34,commonBeforeEach
FNDA:34,commonAfterEach
FNDA:2,commonAfterAll
DA:3,2
DA:5,2
DA:6,2
DA:10,2
DA:12,2
DA:14,2
DA:20,2
DA:35,34
DA:39,34
DA:43,2
DA:47,2
LF:11
LH:11
BRF:0
BRH:0
end_of_record
TN:
SF:models/company.js
FN:19,(anonymous_0)
FN:57,(anonymous_1)
FN:87,(anonymous_2)
FN:90,(anonymous_3)
FN:119,(anonymous_4)
FN:151,(anonymous_5)
FN:181,(anonymous_6)
FNF:7
FNH:7
FNDA:13,(anonymous_0)
FNDA:8,(anonymous_1)
FNDA:10,(anonymous_2)
FNDA:12,(anonymous_3)
FNDA:5,(anonymous_4)
FNDA:6,(anonymous_5)
FNDA:4,(anonymous_6)
DA:3,5
DA:4,5
DA:5,5
DA:20,13
DA:28,13
DA:29,1
DA:31,12
DA:47,12
DA:49,12
DA:58,8
DA:59,2
DA:60,2
DA:66,6
DA:68,6
DA:78,6
DA:79,6
DA:88,10
DA:90,10
DA:91,12
DA:93,4
DA:95,8
DA:96,3
DA:98,5
DA:99,5
DA:103,10
DA:104,10
DA:120,5
DA:132,5
DA:134,5
DA:136,3
DA:152,6
DA:156,5
DA:158,5
DA:168,5
DA:169,5
DA:171,5
DA:173,3
DA:182,4
DA:190,4
DA:192,4
DA:196,5
LF:41
LH:41
BRDA:28,0,0,1
BRDA:28,0,1,12
BRDA:57,1,0,0
BRDA:58,2,0,2
BRDA:58,2,1,6
BRDA:58,3,0,8
BRDA:58,3,1,4
BRDA:59,4,0,2
BRDA:59,4,1,0
BRDA:91,5,0,4
BRDA:91,5,1,8
BRDA:95,6,0,3
BRDA:95,6,1,5
BRDA:98,7,0,5
BRDA:98,7,1,0
BRDA:103,8,0,8
BRDA:103,8,1,2
BRDA:134,9,0,2
BRDA:134,9,1,3
BRDA:171,10,0,2
BRDA:171,10,1,3
BRDA:192,11,0,2
BRDA:192,11,1,2
BRF:23
BRH:20
end_of_record
TN:
SF:models/user.js
FN:24,(anonymous_0)
FN:58,(anonymous_1)
FN:106,(anonymous_2)
FN:128,(anonymous_3)
FN:163,(anonymous_4)
FN:197,(anonymous_5)
FNF:6
FNH:6
FNDA:7,(anonymous_0)
FNDA:16,(anonymous_1)
FNDA:2,(anonymous_2)
FNDA:5,(anonymous_3)
FNDA:8,(anonymous_4)
FNDA:5,(anonymous_5)
DA:3,5
DA:4,5
DA:5,5
DA:10,5
DA:12,5
DA:26,7
DA:37,7
DA:39,7
DA:41,4
DA:42,4
DA:43,3
DA:44,3
DA:48,4
DA:60,16
DA:66,16
DA:67,1
DA:70,15
DA:72,15
DA:96,15
DA:98,15
DA:107,2
DA:117,2
DA:129,5
DA:139,5
DA:141,5
DA:143,3
DA:164,8
DA:165,2
DA:168,8
DA:175,7
DA:177,7
DA:186,7
DA:187,7
DA:189,7
DA:191,5
DA:192,5
DA:198,5
DA:204,5
DA:206,5
DA:211,5
LF:40
LH:40
BRDA:39,0,0,4
BRDA:39,0,1,3
BRDA:42,1,0,3
BRDA:42,1,1,1
BRDA:66,2,0,1
BRDA:66,2,1,15
BRDA:141,3,0,2
BRDA:141,3,1,3
BRDA:164,4,0,2
BRDA:164,4,1,6
BRDA:189,5,0,2
BRDA:189,5,1,5
BRDA:206,6,0,2
BRDA:206,6,1,3
BRF:14
BRH:14
end_of_record
TN:
SF:routes/_testCommon.js
FN:8,commonBeforeAll
FN:62,commonBeforeEach
FN:66,commonAfterEach
FN:70,commonAfterAll
FNF:4
FNH:4
FNDA:3,commonBeforeAll
FNDA:52,commonBeforeEach
FNDA:52,commonAfterEach
FNDA:3,commonAfterAll
DA:3,3
DA:4,3
DA:5,3
DA:6,3
DA:10,3
DA:12,3
DA:14,3
DA:21,3
DA:28,3
DA:36,3
DA:44,3
DA:52,3
DA:63,52
DA:67,52
DA:71,3
DA:74,3
DA:75,3
DA:77,3
LF:18
LH:18
BRF:0
BRH:0
end_of_record
TN:
SF:routes/auth.js
FN:22,(anonymous_0)
FN:29,(anonymous_1)
FN:49,(anonymous_2)
FN:56,(anonymous_3)
FNF:4
FNH:4
FNDA:5,(anonymous_0)
FNDA:2,(anonymous_1)
FNDA:3,(anonymous_2)
FNDA:5,(anonymous_3)
DA:5,4
DA:7,4
DA:8,4
DA:9,4
DA:10,4
DA:11,4
DA:12,4
DA:13,4
DA:22,4
DA:23,5
DA:28,5
DA:29,2
DA:30,2
DA:33,3
DA:34,3
DA:35,1
DA:36,1
DA:49,4
DA:50,3
DA:55,3
DA:56,5
DA:57,2
DA:60,1
DA:61,1
DA:62,1
DA:66,4
LF:26
LH:26
BRDA:28,0,0,2
BRDA:28,0,1,3
BRDA:55,1,0,2
BRDA:55,1,1,1
BRF:4
BRH:4
end_of_record
TN:
SF:routes/companies.js
FN:27,(anonymous_0)
FN:32,(anonymous_1)
FN:51,(anonymous_2)
FN:77,(anonymous_3)
FN:95,(anonymous_4)
FN:115,(anonymous_5)
FN:120,(anonymous_6)
FN:138,(anonymous_7)
FNF:8
FNH:7
FNDA:3,(anonymous_0)
FNDA:3,(anonymous_1)
FNDA:3,(anonymous_2)
FNDA:0,(anonymous_3)
FNDA:3,(anonymous_4)
FNDA:4,(anonymous_5)
FNDA:2,(anonymous_6)
FNDA:2,(anonymous_7)
DA:5,4
DA:6,4
DA:8,4
DA:9,4
DA:10,4
DA:12,4
DA:13,4
DA:14,4
DA:16,4
DA:27,4
DA:28,3
DA:31,3
DA:32,3
DA:33,2
DA:36,1
DA:37,1
DA:51,4
DA:53,3
DA:55,3
DA:61,3
DA:62,3
DA:64,3
DA:65,1
DA:67,3
DA:68,2
DA:72,3
DA:76,3
DA:77,0
DA:78,0
DA:82,3
DA:84,2
DA:95,4
DA:96,3
DA:97,2
DA:111,4
DA:116,4
DA:119,4
DA:120,2
DA:121,2
DA:124,2
DA:125,1
DA:134,4
DA:139,2
DA:140,1
DA:144,4
LF:45
LH:43
BRDA:31,0,0,2
BRDA:31,0,1,1
BRDA:53,1,0,3
BRDA:53,1,1,0
BRDA:56,2,0,3
BRDA:56,2,1,1
BRDA:57,3,0,3
BRDA:57,3,1,2
BRDA:58,4,0,3
BRDA:58,4,1,3
BRDA:61,5,0,3
BRDA:61,5,1,0
BRDA:64,6,0,1
BRDA:64,6,1,2
BRDA:67,7,0,2
BRDA:67,7,1,1
BRDA:76,8,0,0
BRDA:76,8,1,3
BRDA:119,9,0,2
BRDA:119,9,1,2
BRF:20
BRH:17
end_of_record
TN:
SF:routes/users.js
FN:30,(anonymous_0)
FN:37,(anonymous_1)
FN:54,(anonymous_2)
FN:67,(anonymous_3)
FN:83,(anonymous_4)
FN:90,(anonymous_5)
FN:104,(anonymous_6)
FNF:7
FNH:7
FNDA:4,(anonymous_0)
FNDA:5,(anonymous_1)
FNDA:1,(anonymous_2)
FNDA:3,(anonymous_3)
FNDA:5,(anonymous_4)
FNDA:1,(anonymous_5)
FNDA:3,(anonymous_6)
DA:5,4
DA:7,4
DA:8,4
DA:9,4
DA:10,4
DA:11,4
DA:12,4
DA:13,4
DA:15,4
DA:30,4
DA:31,4
DA:36,4
DA:37,5
DA:38,2
DA:41,2
DA:42,2
DA:43,2
DA:54,4
DA:55,1
DA:56,1
DA:67,4
DA:68,3
DA:69,2
DA:83,4
DA:84,5
DA:89,5
DA:90,1
DA:91,1
DA:94,4
DA:95,3
DA:104,4
DA:105,3
DA:106,2
DA:110,4
LF:34
LH:34
BRDA:36,0,0,2
BRDA:36,0,1,2
BRDA:89,1,0,1
BRDA:89,1,1,4
BRF:4
BRH:4
end_of_record
